30/07/2019 15:52:39.046 ERROR login:Can't connect to MySQL server on 'localhost' (10061)
30/07/2019 15:53:56.125 ERROR 连接热像仪失败
30/07/2019 15:55:25.671 ERROR 修改用户成功
30/07/2019 15:57:14.328 ERROR 连接热像仪失败
30/07/2019 16:30:24.984 ERROR 连接热像仪失败
30/07/2019 16:59:41.375 ERROR 连接热像仪失败
30/07/2019 17:00:30.093 ERROR 连接热像仪失败
30/07/2019 17:01:51.796 ERROR 登录密码错误
30/07/2019 17:01:57.687 ERROR 连接热像仪失败
30/07/2019 17:03:01.937 ERROR 连接热像仪失败
30/07/2019 17:03:38.265 ERROR 连接热像仪失败
30/07/2019 17:05:15.718 ERROR 连接热像仪失败
30/07/2019 17:08:35.796 ERROR 连接热像仪失败
30/07/2019 17:10:14.031 ERROR 连接热像仪失败
30/07/2019 17:11:09.734 ERROR 连接热像仪失败
30/07/2019 17:14:02.546 ERROR 连接热像仪失败
30/07/2019 17:19:13.031 ERROR 连接热像仪失败
30/07/2019 17:21:45.531 ERROR 连接热像仪失败
30/07/2019 17:23:38.718 ERROR 连接热像仪失败
30/07/2019 17:24:26.500 ERROR 连接热像仪失败
30/07/2019 17:28:13.671 ERROR 连接热像仪失败
08/08/2019 09:28:57.906 ERROR login:Can't connect to MySQL server on 'localhost' (10061)
08/08/2019 09:29:06.437 ERROR login:Can't connect to MySQL server on 'localhost' (10061)
08/08/2019 09:30:02.625 ERROR 登录密码错误
08/08/2019 09:30:12.234 ERROR 连接热像仪失败
08/08/2019 09:33:02.015 ERROR 登录密码错误
08/08/2019 09:33:10.062 ERROR 连接热像仪失败
08/08/2019 09:57:59.218 ERROR 连接热像仪失败
08/08/2019 10:05:14.437 ERROR 连接热像仪失败
08/08/2019 10:06:24.750 ERROR 连接热像仪失败
08/08/2019 10:07:26.937 ERROR 连接热像仪失败
08/08/2019 10:08:10.343 ERROR 连接热像仪失败
08/08/2019 10:11:18.968 ERROR 连接热像仪失败
08/08/2019 10:20:55.218 ERROR 连接热像仪失败
08/08/2019 10:40:25.656 ERROR 连接热像仪失败
08/08/2019 10:42:23.578 ERROR 连接热像仪失败
08/08/2019 10:43:57.156 ERROR 连接热像仪失败
08/08/2019 10:47:29.562 ERROR 连接热像仪失败
08/08/2019 10:56:43.234 ERROR 连接热像仪失败
08/08/2019 10:58:43.734 ERROR 连接热像仪失败
08/08/2019 11:01:03.234 ERROR 连接热像仪失败
08/08/2019 11:02:12.578 ERROR 连接热像仪失败
09/08/2019 11:55:10.203 ERROR login:Lost connection to MySQL server at 'reading initial communication packet', system error: 0
09/08/2019 11:56:50.218 ERROR 连接热像仪失败
10/08/2019 14:36:49.203 ERROR 连接热像仪失败
10/08/2019 15:25:32.937 ERROR login:Can't connect to MySQL server on 'localhost' (10061)
10/08/2019 15:26:46.671 ERROR 连接热像仪失败
10/08/2019 20:11:53.390 ERROR 连接热像仪失败
10/08/2019 20:26:45.406 ERROR 连接热像仪失败
10/08/2019 20:28:32.609 ERROR 连接热像仪失败
10/08/2019 20:32:11.890 ERROR 连接热像仪失败
10/08/2019 20:33:04.593 ERROR 连接热像仪失败
11/08/2019 13:37:29.859 ERROR login:Lost connection to MySQL server at 'reading initial communication packet', system error: 0
11/08/2019 13:38:22.171 ERROR 连接热像仪失败
12/08/2019 10:39:03.078 ERROR 连接热像仪失败
12/08/2019 10:42:43.921 ERROR 连接热像仪失败
12/08/2019 10:43:17.265 ERROR 连接热像仪失败
12/08/2019 16:57:30.031 ERROR 连接热像仪失败
12/08/2019 16:58:55.500 ERROR 连接热像仪失败
12/08/2019 16:59:46.250 ERROR 连接热像仪失败
12/08/2019 17:00:39.921 ERROR 连接热像仪失败
12/08/2019 17:07:15.500 ERROR 连接热像仪失败
12/08/2019 17:07:51.484 ERROR 连接热像仪失败
12/08/2019 17:09:03.375 ERROR 连接热像仪失败
12/08/2019 20:47:55.203 ERROR 连接热像仪失败
12/08/2019 20:54:39.750 ERROR 连接热像仪失败
12/08/2019 20:55:44.781 ERROR 连接热像仪失败
12/08/2019 21:02:59.875 ERROR 连接热像仪失败
12/08/2019 22:32:57.093 ERROR 连接热像仪失败
12/08/2019 22:45:04.734 ERROR 连接热像仪失败
12/08/2019 22:46:26.796 ERROR 连接热像仪失败
12/08/2019 23:02:07.562 ERROR 连接热像仪失败
12/08/2019 23:09:52.578 ERROR 连接热像仪失败
12/08/2019 23:20:53.390 ERROR 连接热像仪失败
12/08/2019 23:34:24.671 ERROR 连接热像仪失败
13/08/2019 10:28:10.328 ERROR 连接热像仪失败
13/08/2019 13:41:29.875 ERROR 连接服务器失败
13/08/2019 13:41:51.562 ERROR 连接热像仪失败
13/08/2019 13:49:12.140 ERROR 连接热像仪失败
13/08/2019 14:53:49.921 ERROR 连接热像仪失败
13/08/2019 14:54:13.250 ERROR 连接热像仪失败
16/08/2019 12:02:30.406 ERROR login:Can't connect to MySQL server on '127.0.0.1' (10061)
16/08/2019 12:04:06.265 ERROR login:Host 'LAPTOP-0S9K5JTO' is not allowed to connect to this MySQL server
16/08/2019 14:53:05.359 ERROR login:Lost connection to MySQL server at 'reading initial communication packet', system error: 0
16/08/2019 14:54:09.859 ERROR 连接服务器失败
16/08/2019 14:54:16.953 ERROR 连接热像仪失败
16/08/2019 14:55:29.593 ERROR 连接服务器失败
16/08/2019 21:03:00.515 ERROR login:Lost connection to MySQL server at 'reading initial communication packet', system error: 0
16/08/2019 21:03:24.328 ERROR 连接热像仪失败
17/08/2019 08:18:51.312 ERROR login:Can't connect to MySQL server on 'localhost' (10061)
17/08/2019 10:46:45.218 ERROR 连接服务器失败
17/08/2019 10:57:35.156 ERROR 连接服务器失败
17/08/2019 11:02:11.109 ERROR 连接服务器失败
17/08/2019 11:57:06.265 ERROR 连接服务器失败
17/08/2019 14:48:21.000 ERROR 连接服务器失败
17/08/2019 14:49:04.328 ERROR 连接服务器失败
17/08/2019 14:51:01.531 ERROR 连接服务器失败
17/08/2019 14:58:46.531 ERROR 连接服务器失败
17/08/2019 15:00:56.109 ERROR 连接服务器失败
17/08/2019 15:02:31.093 ERROR 连接服务器失败
17/08/2019 15:23:57.796 ERROR 连接服务器失败
17/08/2019 15:42:59.375 ERROR 连接服务器失败
17/08/2019 15:45:44.265 ERROR 连接服务器失败
17/08/2019 15:56:11.828 ERROR 连接服务器失败
17/08/2019 16:10:09.875 ERROR 连接服务器失败
17/08/2019 16:11:02.390 ERROR 连接服务器失败
17/08/2019 16:17:15.796 ERROR 连接服务器失败
17/08/2019 16:35:47.234 ERROR 连接服务器失败
17/08/2019 16:40:31.187 ERROR 连接服务器失败
17/08/2019 16:43:27.671 ERROR 连接服务器失败
17/08/2019 16:47:05.031 ERROR 连接服务器失败
17/08/2019 16:49:33.953 ERROR 连接服务器失败
17/08/2019 17:18:28.468 ERROR 连接服务器失败
17/08/2019 17:21:43.406 ERROR 连接服务器失败
17/08/2019 17:24:59.921 ERROR 连接服务器失败
17/08/2019 17:34:37.093 ERROR 连接服务器失败
17/08/2019 17:51:50.609 ERROR 连接服务器失败
19/08/2019 15:53:40.781 ERROR 连接热像仪失败
19/08/2019 15:53:59.687 ERROR 连接服务器失败
19/08/2019 16:20:18.359 ERROR 连接热像仪失败
19/08/2019 16:20:37.375 ERROR 连接服务器失败
19/08/2019 16:23:03.828 ERROR 连接热像仪失败
19/08/2019 16:23:22.640 ERROR 连接服务器失败
19/08/2019 16:24:53.375 ERROR 连接热像仪失败
19/08/2019 16:27:12.031 ERROR 连接热像仪失败
19/08/2019 16:29:07.578 ERROR 连接服务器失败
19/08/2019 16:29:08.265 ERROR 连接热像仪失败
19/08/2019 16:32:58.578 ERROR 连接热像仪失败
19/08/2019 16:33:45.468 ERROR 连接热像仪失败
19/08/2019 16:34:21.296 ERROR 连接热像仪失败
19/08/2019 16:34:48.765 ERROR 连接服务器失败
19/08/2019 16:36:01.796 ERROR 连接热像仪失败
19/08/2019 16:36:32.218 ERROR 连接服务器失败
19/08/2019 16:37:39.296 ERROR 连接热像仪失败
19/08/2019 16:37:57.640 ERROR 连接服务器失败
19/08/2019 16:39:33.890 ERROR 连接热像仪失败
19/08/2019 16:39:53.296 ERROR 连接服务器失败
19/08/2019 16:48:04.578 ERROR 连接热像仪失败
19/08/2019 16:48:23.296 ERROR 连接服务器失败
19/08/2019 16:53:44.968 ERROR 连接热像仪失败
19/08/2019 16:54:24.406 ERROR 连接服务器失败
19/08/2019 17:23:13.765 ERROR 连接热像仪失败
19/08/2019 17:24:25.093 ERROR 连接服务器失败
19/08/2019 17:25:41.921 ERROR 连接热像仪失败
19/08/2019 17:41:49.296 ERROR 连接热像仪失败
19/08/2019 17:42:43.828 ERROR 连接热像仪失败
19/08/2019 17:46:00.859 ERROR 连接热像仪失败
19/08/2019 21:31:17.250 ERROR 连接热像仪失败
19/08/2019 21:31:36.140 ERROR 连接服务器失败
19/08/2019 21:33:59.828 ERROR 连接热像仪失败
19/08/2019 21:34:18.328 ERROR 连接服务器失败
19/08/2019 21:36:02.765 ERROR 连接热像仪失败
19/08/2019 21:36:21.609 ERROR 连接服务器失败
19/08/2019 21:38:46.875 ERROR 连接热像仪失败
19/08/2019 21:39:05.296 ERROR 连接服务器失败
19/08/2019 21:39:46.968 ERROR 连接热像仪失败
19/08/2019 22:27:27.500 ERROR 连接热像仪失败
19/08/2019 22:27:49.296 ERROR 连接服务器失败
19/08/2019 22:46:13.390 ERROR 连接热像仪失败
19/08/2019 23:04:27.734 ERROR 连接热像仪失败
19/08/2019 23:44:23.484 ERROR 连接热像仪失败
20/08/2019 08:04:28.015 ERROR 连接热像仪失败
20/08/2019 08:05:11.312 ERROR 连接热像仪失败
20/08/2019 08:06:14.546 ERROR 连接热像仪失败
20/08/2019 08:07:39.843 ERROR 连接热像仪失败
20/08/2019 08:11:43.890 ERROR 连接热像仪失败
20/08/2019 08:12:27.921 ERROR 连接热像仪失败
20/08/2019 08:15:09.359 ERROR 连接热像仪失败
20/08/2019 08:16:57.078 ERROR 连接热像仪失败
20/08/2019 08:18:09.171 ERROR 连接热像仪失败
20/08/2019 08:19:56.703 ERROR 连接热像仪失败
20/08/2019 08:21:05.406 ERROR 连接热像仪失败
20/08/2019 08:22:05.734 ERROR 连接热像仪失败
20/08/2019 08:25:22.484 ERROR 连接热像仪失败
20/08/2019 08:26:19.078 ERROR 连接热像仪失败
20/08/2019 08:27:42.687 ERROR 连接热像仪失败
20/08/2019 08:28:34.750 ERROR 连接热像仪失败
20/08/2019 08:30:07.375 ERROR 连接热像仪失败
20/08/2019 08:31:15.546 ERROR 连接热像仪失败
20/08/2019 08:31:59.015 ERROR 连接热像仪失败
20/08/2019 08:33:43.562 ERROR 连接热像仪失败
20/08/2019 08:37:05.171 ERROR 连接热像仪失败
20/08/2019 08:37:57.531 ERROR 连接热像仪失败
20/08/2019 08:38:17.734 ERROR 连接服务器失败
20/08/2019 08:53:18.328 ERROR 连接热像仪失败
20/08/2019 08:55:08.421 ERROR 连接热像仪失败
20/08/2019 08:55:26.796 ERROR 连接服务器失败
20/08/2019 08:56:05.859 ERROR 连接热像仪失败
20/08/2019 08:56:25.156 ERROR 连接服务器失败
20/08/2019 08:56:56.703 ERROR 连接热像仪失败
20/08/2019 09:20:54.562 ERROR 连接热像仪失败
20/08/2019 09:21:19.140 ERROR 连接服务器失败
20/08/2019 09:22:32.734 ERROR 连接热像仪失败
20/08/2019 09:22:51.468 ERROR 连接服务器失败
20/08/2019 09:33:03.234 ERROR 连接热像仪失败
20/08/2019 09:33:22.640 ERROR 连接服务器失败
20/08/2019 09:37:51.078 ERROR 连接热像仪失败
20/08/2019 09:38:09.875 ERROR 连接服务器失败
20/08/2019 09:41:20.625 ERROR 连接热像仪失败
20/08/2019 09:41:39.578 ERROR 连接服务器失败
20/08/2019 09:43:44.734 ERROR 连接热像仪失败
20/08/2019 09:44:03.296 ERROR 连接服务器失败
20/08/2019 09:55:07.546 ERROR 连接热像仪失败
20/08/2019 09:55:28.218 ERROR 连接服务器失败
20/08/2019 09:59:48.015 ERROR 连接热像仪失败
20/08/2019 10:01:33.796 ERROR 连接热像仪失败
20/08/2019 10:01:52.609 ERROR 连接服务器失败
20/08/2019 10:06:43.531 ERROR 连接热像仪失败
20/08/2019 10:07:03.546 ERROR 连接服务器失败
20/08/2019 10:11:14.500 ERROR 连接热像仪失败
20/08/2019 10:11:33.343 ERROR 连接服务器失败
21/08/2019 23:14:26.718 ERROR 连接热像仪失败
23/08/2019 09:08:32.296 ERROR 连接服务器失败
23/08/2019 09:08:33.437 ERROR 连接热像仪失败
23/08/2019 09:11:21.562 ERROR 连接服务器失败
23/08/2019 09:15:39.171 ERROR 连接服务器失败
23/08/2019 09:21:04.671 ERROR 连接服务器失败
23/08/2019 09:29:25.203 ERROR 连接服务器失败
23/08/2019 09:33:24.984 ERROR 连接服务器失败
23/08/2019 10:06:25.875 ERROR 连接服务器失败
23/08/2019 10:07:22.718 ERROR 连接服务器失败
23/08/2019 10:23:06.093 ERROR 连接服务器失败
23/08/2019 11:05:40.453 ERROR 连接服务器失败
23/08/2019 11:08:09.109 ERROR 连接服务器失败
23/08/2019 11:23:04.562 ERROR 连接服务器失败
23/08/2019 11:24:53.781 ERROR 连接服务器失败
23/08/2019 11:26:34.609 ERROR 连接服务器失败
23/08/2019 11:32:38.796 ERROR 连接服务器失败
23/08/2019 12:05:27.578 ERROR 连接服务器失败
23/08/2019 12:09:32.203 ERROR 连接服务器失败
23/08/2019 12:16:35.484 ERROR 连接服务器失败
23/08/2019 12:22:08.234 ERROR 连接服务器失败
23/08/2019 12:26:11.875 ERROR 连接服务器失败
23/08/2019 12:27:50.031 ERROR 登录密码错误
23/08/2019 12:28:21.812 ERROR 连接服务器失败
23/08/2019 12:31:00.562 ERROR 连接服务器失败
23/08/2019 12:31:49.734 ERROR 登录密码错误
23/08/2019 12:32:21.265 ERROR 连接服务器失败
23/08/2019 12:33:58.156 ERROR 连接服务器失败
23/08/2019 13:35:56.093 ERROR 连接热像仪失败
23/08/2019 14:36:25.265 ERROR 连接热像仪失败
23/08/2019 14:36:44.843 ERROR 连接服务器失败
23/08/2019 14:38:13.187 ERROR 连接服务器失败
23/08/2019 14:38:14.171 ERROR 连接热像仪失败
23/08/2019 14:43:58.625 ERROR 连接热像仪失败
23/08/2019 14:44:18.375 ERROR 连接热像仪失败
23/08/2019 16:39:10.406 ERROR 连接热像仪失败
23/08/2019 19:43:27.062 ERROR 连接热像仪失败
23/08/2019 19:50:15.062 ERROR 连接热像仪失败
23/08/2019 19:51:39.625 ERROR 连接热像仪失败
23/08/2019 19:52:17.656 ERROR 连接热像仪失败
23/08/2019 19:53:57.031 ERROR 连接热像仪失败
23/08/2019 19:55:06.296 ERROR 连接热像仪失败
23/08/2019 19:56:29.171 ERROR 连接热像仪失败
23/08/2019 19:58:52.656 ERROR 连接服务器失败
23/08/2019 20:00:30.171 ERROR 连接热像仪失败
23/08/2019 20:02:51.078 ERROR 连接热像仪失败
23/08/2019 20:03:54.609 ERROR 连接服务器失败
23/08/2019 20:12:47.437 ERROR 连接热像仪失败
23/08/2019 20:15:01.406 ERROR 连接热像仪失败
23/08/2019 20:15:59.890 ERROR 连接热像仪失败
23/08/2019 20:17:14.546 ERROR 连接热像仪失败
23/08/2019 20:17:59.109 ERROR 连接热像仪失败
23/08/2019 20:23:03.843 ERROR 连接热像仪失败
23/08/2019 20:23:21.625 ERROR 连接服务器失败
27/08/2019 09:53:49.656 ERROR 连接热像仪失败
27/08/2019 09:54:08.515 ERROR 连接服务器失败
27/08/2019 09:55:01.562 ERROR 连接服务器失败
27/08/2019 09:56:23.453 ERROR 连接服务器失败
27/08/2019 10:00:16.765 ERROR 连接服务器失败
27/08/2019 12:30:40.000 ERROR 连接热像仪失败
06/09/2019 18:43:08.125 ERROR 连接热像仪失败
06/09/2019 18:43:37.375 ERROR 连接服务器失败
06/09/2019 18:55:21.250 ERROR 连接热像仪失败
06/09/2019 18:55:46.921 ERROR 连接热像仪失败
06/09/2019 18:56:05.078 ERROR 连接服务器失败
12/09/2019 11:25:40.718 ERROR 连接热像仪失败
12/09/2019 11:27:23.343 ERROR 连接热像仪失败
12/09/2019 11:27:42.625 ERROR 连接服务器失败
12/09/2019 11:29:56.218 ERROR 连接热像仪失败
12/09/2019 11:30:15.875 ERROR 连接服务器失败
12/09/2019 11:31:18.953 ERROR 连接服务器失败
12/09/2019 11:35:54.843 ERROR 连接服务器失败
12/09/2019 11:37:04.265 ERROR 连接服务器失败
12/09/2019 11:39:40.296 ERROR 连接服务器失败
12/09/2019 11:48:02.968 ERROR 连接服务器失败
12/09/2019 11:49:48.078 ERROR 连接服务器失败
12/09/2019 11:51:17.562 ERROR 连接服务器失败
12/09/2019 11:54:07.593 ERROR 连接服务器失败
12/09/2019 12:49:39.750 ERROR 连接服务器失败
12/09/2019 12:53:21.328 ERROR 连接服务器失败
12/09/2019 12:55:16.375 ERROR 连接服务器失败
12/09/2019 13:03:25.906 ERROR 连接服务器失败
12/09/2019 13:41:46.359 ERROR 连接服务器失败
12/09/2019 13:59:07.437 ERROR 连接服务器失败
12/09/2019 14:03:03.531 ERROR 连接服务器失败
12/09/2019 14:26:21.375 ERROR 连接服务器失败
12/09/2019 14:31:56.750 ERROR 连接服务器失败
12/09/2019 14:33:41.734 ERROR 连接服务器失败
12/09/2019 14:45:28.437 ERROR 连接服务器失败
12/09/2019 14:45:52.187 ERROR 连接信号服务器失败
12/09/2019 21:35:01.859 ERROR 连接服务器失败
12/09/2019 22:14:15.546 ERROR 连接服务器失败
12/09/2019 22:16:33.453 ERROR 连接服务器失败
12/09/2019 22:19:09.656 ERROR 连接服务器失败
12/09/2019 22:21:33.171 ERROR 连接服务器失败
12/09/2019 22:23:09.140 ERROR 连接服务器失败
12/09/2019 23:07:16.359 ERROR login:Can't connect to MySQL server on 'localhost' (10061)
12/09/2019 23:08:05.781 ERROR 连接服务器失败
12/09/2019 23:10:39.343 ERROR 连接服务器失败
12/09/2019 23:13:04.406 ERROR 连接服务器失败
12/09/2019 23:14:07.296 ERROR 连接服务器失败
12/09/2019 23:14:52.093 ERROR 连接服务器失败
12/09/2019 23:23:56.296 ERROR 连接服务器失败
12/09/2019 23:26:24.312 ERROR 连接服务器失败
12/09/2019 23:28:36.093 ERROR 连接服务器失败
12/09/2019 23:32:41.968 ERROR 连接服务器失败
12/09/2019 23:38:31.343 ERROR 连接服务器失败
12/09/2019 23:39:43.625 ERROR 连接服务器失败
13/09/2019 15:06:54.796 ERROR 连接服务器失败
13/09/2019 15:08:43.828 ERROR 连接服务器失败
13/09/2019 15:10:33.046 ERROR 连接服务器失败
13/09/2019 15:11:40.718 ERROR 连接服务器失败
13/09/2019 15:14:03.140 ERROR 连接服务器失败
13/09/2019 15:17:12.000 ERROR 连接服务器失败
13/09/2019 15:19:19.406 ERROR 连接服务器失败
13/09/2019 15:20:10.125 ERROR 连接服务器失败
13/09/2019 15:23:33.171 ERROR 连接服务器失败
13/09/2019 15:33:48.578 ERROR 连接服务器失败
13/09/2019 15:38:14.921 ERROR 连接服务器失败
13/09/2019 15:41:50.781 ERROR 连接服务器失败
13/09/2019 22:19:54.484 ERROR 连接热像仪失败
13/09/2019 22:20:21.093 ERROR 连接服务器失败
13/09/2019 22:21:23.593 ERROR 连接服务器失败
13/09/2019 22:24:59.062 ERROR 连接服务器失败
13/09/2019 22:29:56.765 ERROR 连接服务器失败
13/09/2019 22:31:49.843 ERROR 连接服务器失败
13/09/2019 22:34:59.937 ERROR 连接服务器失败
13/09/2019 22:42:28.921 ERROR 连接服务器失败
13/09/2019 22:44:57.968 ERROR 连接服务器失败
13/09/2019 22:47:22.843 ERROR 连接服务器失败
13/09/2019 22:49:00.000 ERROR 连接服务器失败
13/09/2019 22:52:02.500 ERROR 连接服务器失败
13/09/2019 22:53:50.500 ERROR 连接服务器失败
13/09/2019 23:00:39.906 ERROR 连接服务器失败
13/09/2019 23:04:00.406 ERROR 连接服务器失败
13/09/2019 23:11:53.781 ERROR 连接服务器失败
13/09/2019 23:14:01.531 ERROR 连接服务器失败
13/09/2019 23:16:48.953 ERROR 连接服务器失败
14/09/2019 13:46:59.656 ERROR login:Can't connect to MySQL server on 'localhost' (10061)
14/09/2019 13:48:23.687 ERROR 连接热像仪失败
14/09/2019 13:48:40.406 ERROR 连接服务器失败
14/09/2019 13:52:16.781 ERROR 连接服务器失败
14/09/2019 13:53:47.734 ERROR 连接服务器失败
14/09/2019 14:00:08.921 ERROR 连接服务器失败
14/09/2019 14:17:05.031 ERROR 连接服务器失败
14/09/2019 14:26:38.500 ERROR 连接服务器失败
14/09/2019 14:34:47.984 ERROR 连接服务器失败
14/09/2019 14:37:17.406 ERROR 连接服务器失败
14/09/2019 14:42:29.796 ERROR 连接服务器失败
14/09/2019 14:48:08.156 ERROR 连接服务器失败
14/09/2019 14:56:29.546 ERROR 连接服务器失败
14/09/2019 14:57:24.156 ERROR 连接服务器失败
14/09/2019 14:58:31.515 ERROR 连接服务器失败
14/09/2019 15:18:31.390 ERROR 连接服务器失败
14/09/2019 15:29:48.968 ERROR 连接服务器失败
15/09/2019 10:17:31.171 ERROR 连接服务器失败
15/09/2019 10:21:23.250 ERROR 连接服务器失败
15/09/2019 10:23:45.234 ERROR 连接服务器失败
15/09/2019 10:29:04.406 ERROR 连接服务器失败
15/09/2019 10:32:55.953 ERROR 连接服务器失败
15/09/2019 10:35:03.984 ERROR 连接服务器失败
15/09/2019 10:56:39.312 ERROR 连接服务器失败
15/09/2019 10:58:46.890 ERROR 连接服务器失败
15/09/2019 11:02:18.656 ERROR 连接服务器失败
15/09/2019 11:03:52.125 ERROR 连接服务器失败
15/09/2019 11:07:34.546 ERROR 连接服务器失败
15/09/2019 11:10:18.484 ERROR 连接服务器失败
15/09/2019 11:17:06.437 ERROR 连接服务器失败
15/09/2019 11:20:33.015 ERROR 连接服务器失败
15/09/2019 11:24:20.343 ERROR 连接服务器失败
15/09/2019 11:25:31.687 ERROR 连接服务器失败
15/09/2019 11:27:29.109 ERROR 连接服务器失败
15/09/2019 11:32:06.156 ERROR 连接服务器失败
15/09/2019 11:37:29.421 ERROR 连接服务器失败
15/09/2019 11:40:16.843 ERROR 连接服务器失败
15/09/2019 11:43:15.843 ERROR 连接服务器失败
15/09/2019 11:44:32.609 ERROR 连接服务器失败
15/09/2019 11:46:19.062 ERROR 连接服务器失败
15/09/2019 11:48:38.953 ERROR 连接服务器失败
15/09/2019 11:49:32.890 ERROR 连接服务器失败
15/09/2019 12:03:49.500 ERROR 连接服务器失败
15/09/2019 12:05:59.468 ERROR 连接服务器失败
15/09/2019 12:07:54.125 ERROR 连接服务器失败
15/09/2019 12:10:11.250 ERROR 连接服务器失败
15/09/2019 12:23:30.421 ERROR 连接服务器失败
15/09/2019 12:27:09.281 ERROR 连接服务器失败
15/09/2019 12:34:20.578 ERROR 连接服务器失败
15/09/2019 12:35:45.640 ERROR 连接服务器失败
15/09/2019 12:40:01.921 ERROR 连接服务器失败
15/09/2019 12:44:19.718 ERROR 连接服务器失败
15/09/2019 12:50:22.125 ERROR 连接服务器失败
15/09/2019 12:55:29.265 ERROR 连接服务器失败
15/09/2019 14:38:26.859 ERROR 连接服务器失败
15/09/2019 14:53:47.859 ERROR 连接服务器失败
15/09/2019 14:56:22.546 ERROR 连接服务器失败
15/09/2019 14:59:54.562 ERROR 连接服务器失败
15/09/2019 15:04:42.343 ERROR 连接服务器失败
15/09/2019 15:05:40.843 ERROR 连接服务器失败
15/09/2019 15:06:50.359 ERROR 连接服务器失败
15/09/2019 15:12:30.078 ERROR 连接服务器失败
15/09/2019 15:16:25.421 ERROR 连接服务器失败
15/09/2019 15:31:31.328 ERROR 连接服务器失败
15/09/2019 15:49:52.062 ERROR 登录密码错误
15/09/2019 16:24:50.234 ERROR 连接服务器失败
15/09/2019 16:26:11.515 ERROR 连接服务器失败
15/09/2019 16:34:40.765 ERROR 连接服务器失败
15/09/2019 16:53:12.562 ERROR 连接服务器失败
15/09/2019 16:55:32.140 ERROR 连接服务器失败
15/09/2019 17:11:08.843 ERROR 连接服务器失败
15/09/2019 17:12:46.843 ERROR 连接服务器失败
15/09/2019 17:18:59.671 ERROR 连接服务器失败
15/09/2019 17:27:39.234 ERROR 连接服务器失败
15/09/2019 17:30:06.546 ERROR 连接服务器失败
15/09/2019 17:55:57.609 ERROR 连接服务器失败
15/09/2019 18:02:31.906 ERROR 连接服务器失败
15/09/2019 18:17:37.875 ERROR 连接服务器失败
15/09/2019 18:19:19.859 ERROR 连接服务器失败
15/09/2019 18:22:54.390 ERROR 连接服务器失败
15/09/2019 18:25:39.875 ERROR 连接服务器失败
15/09/2019 18:30:30.265 ERROR 连接服务器失败
15/09/2019 18:38:23.468 ERROR 连接服务器失败
15/09/2019 19:20:54.625 ERROR 连接服务器失败
15/09/2019 21:10:33.015 ERROR 连接服务器失败
15/09/2019 21:11:38.093 ERROR 连接服务器失败
15/09/2019 21:18:20.781 ERROR 连接服务器失败
15/09/2019 21:20:09.734 ERROR 连接服务器失败
15/09/2019 21:50:44.453 ERROR 连接服务器失败
15/09/2019 21:55:11.531 ERROR 连接服务器失败
15/09/2019 22:19:41.125 ERROR 连接服务器失败
15/09/2019 22:21:36.312 ERROR 连接服务器失败
15/09/2019 22:31:19.109 ERROR 连接服务器失败
15/09/2019 22:34:01.703 ERROR 连接服务器失败
15/09/2019 22:39:44.609 ERROR 连接服务器失败
15/09/2019 22:41:37.843 ERROR 连接服务器失败
16/09/2019 10:34:43.265 ERROR 连接热像仪失败
16/09/2019 10:35:01.625 ERROR 连接服务器失败
16/09/2019 10:35:47.546 ERROR 连接服务器失败
16/09/2019 10:39:28.343 ERROR 连接服务器失败
16/09/2019 10:40:51.375 ERROR 连接服务器失败
16/09/2019 10:49:48.484 ERROR 连接服务器失败
16/09/2019 10:55:53.640 ERROR 连接服务器失败
16/09/2019 11:04:04.765 ERROR 连接服务器失败
16/09/2019 11:07:53.515 ERROR 连接服务器失败
16/09/2019 13:39:26.390 ERROR 连接服务器失败
16/09/2019 15:55:10.328 ERROR 连接服务器失败
17/09/2019 09:07:52.468 ERROR 连接服务器失败
17/09/2019 09:07:53.140 ERROR 连接热像仪失败
17/09/2019 09:30:48.984 ERROR 连接服务器失败
17/09/2019 09:32:33.171 ERROR 连接服务器失败
17/09/2019 09:34:52.078 ERROR 连接服务器失败
17/09/2019 09:48:45.093 ERROR 连接服务器失败
17/09/2019 12:02:44.359 ERROR 连接服务器失败
17/09/2019 12:11:34.625 ERROR 连接服务器失败
17/09/2019 12:14:35.546 ERROR 连接服务器失败
17/09/2019 12:16:27.625 ERROR 连接服务器失败
17/09/2019 12:17:54.718 ERROR 连接服务器失败
17/09/2019 12:18:55.562 ERROR 连接服务器失败
17/09/2019 12:22:04.859 ERROR 连接服务器失败
17/09/2019 12:26:36.203 ERROR 连接服务器失败
17/09/2019 16:04:13.953 ERROR 连接服务器失败
17/09/2019 16:11:27.906 ERROR 连接服务器失败
17/09/2019 16:16:29.812 ERROR 连接服务器失败
17/09/2019 16:20:03.375 ERROR 连接服务器失败
17/09/2019 17:02:00.234 ERROR 连接服务器失败
18/09/2019 17:52:26.265 ERROR 连接热像仪失败
18/09/2019 17:53:18.312 ERROR 连接服务器失败
18/09/2019 17:56:13.765 ERROR 连接服务器失败
18/09/2019 18:16:29.156 ERROR 连接服务器失败
18/09/2019 18:21:08.078 ERROR 连接服务器失败
18/09/2019 18:30:14.968 ERROR 连接服务器失败
18/09/2019 18:31:15.343 ERROR 连接服务器失败
18/09/2019 18:33:23.390 ERROR 连接服务器失败
18/09/2019 18:40:11.343 ERROR 连接服务器失败
18/09/2019 18:41:48.171 ERROR 连接服务器失败
18/09/2019 20:49:24.828 ERROR 连接服务器失败
18/09/2019 20:52:16.656 ERROR 连接服务器失败
18/09/2019 21:21:19.437 ERROR 连接服务器失败
18/09/2019 21:25:47.375 ERROR 连接服务器失败
18/09/2019 21:28:39.843 ERROR 连接服务器失败
18/09/2019 21:30:18.984 ERROR 连接服务器失败
18/09/2019 22:45:28.593 ERROR 连接服务器失败
18/09/2019 22:46:34.750 ERROR 连接服务器失败
18/09/2019 22:52:58.375 ERROR 连接服务器失败
18/09/2019 22:55:06.296 ERROR 连接服务器失败
19/09/2019 17:28:09.765 ERROR 连接热像仪失败
19/09/2019 17:47:55.296 ERROR 连接热像仪失败
19/09/2019 17:48:14.093 ERROR 连接服务器失败
19/09/2019 18:08:36.421 ERROR 连接热像仪失败
19/09/2019 18:08:55.109 ERROR 连接服务器失败
19/09/2019 18:15:37.437 ERROR 连接热像仪失败
19/09/2019 18:21:44.468 ERROR 连接热像仪失败
19/09/2019 18:31:08.406 ERROR 连接服务器失败
19/09/2019 18:32:42.906 ERROR 连接服务器失败
19/09/2019 18:50:55.734 ERROR 连接服务器失败
19/09/2019 18:55:10.625 ERROR 连接服务器失败
19/09/2019 19:06:50.609 ERROR 连接服务器失败
19/09/2019 19:11:11.750 ERROR 连接服务器失败
19/09/2019 19:12:19.750 ERROR 连接服务器失败
19/09/2019 19:18:55.656 ERROR 连接服务器失败
19/09/2019 19:43:40.375 ERROR 连接服务器失败
19/09/2019 19:48:51.250 ERROR 连接服务器失败
19/09/2019 20:04:13.609 ERROR 登录密码错误
19/09/2019 20:04:39.828 ERROR 连接服务器失败
19/09/2019 20:12:10.687 ERROR 连接服务器失败
19/09/2019 20:14:58.000 ERROR 连接服务器失败
20/09/2019 07:52:40.500 ERROR 连接热像仪失败
20/09/2019 07:52:59.812 ERROR 连接服务器失败
20/09/2019 07:53:45.093 ERROR 连接服务器失败
20/09/2019 07:56:45.328 ERROR 连接服务器失败
20/09/2019 08:11:31.953 ERROR 连接服务器失败
20/09/2019 08:14:46.703 ERROR 连接服务器失败
20/09/2019 08:31:03.953 ERROR 连接服务器失败
20/09/2019 08:59:00.453 ERROR 连接服务器失败
20/09/2019 09:04:06.171 ERROR 连接服务器失败
20/09/2019 09:06:36.609 ERROR 连接服务器失败
20/09/2019 09:07:41.078 ERROR 连接服务器失败
20/09/2019 09:20:03.468 ERROR 连接服务器失败
20/09/2019 09:26:22.078 ERROR 连接服务器失败
20/09/2019 11:13:28.718 ERROR 连接服务器失败
20/09/2019 11:16:05.500 ERROR 连接服务器失败
20/09/2019 14:07:06.687 ERROR 连接服务器失败
20/09/2019 14:21:40.828 ERROR 连接服务器失败
20/09/2019 14:23:26.375 ERROR 登录密码错误
20/09/2019 14:23:51.593 ERROR 连接服务器失败
20/09/2019 14:29:48.578 ERROR 连接服务器失败
20/09/2019 15:45:09.890 ERROR 连接服务器失败
20/09/2019 15:46:08.453 ERROR 连接服务器失败
20/09/2019 15:51:05.609 ERROR 连接服务器失败
21/09/2019 17:16:07.453 ERROR 连接热像仪失败
21/09/2019 17:16:26.328 ERROR 连接服务器失败
21/09/2019 17:19:12.453 ERROR 连接热像仪失败
21/09/2019 17:21:11.515 ERROR 连接热像仪失败
21/09/2019 17:27:04.531 ERROR 连接热像仪失败
21/09/2019 17:27:23.687 ERROR 连接服务器失败
21/09/2019 17:28:31.640 ERROR 连接热像仪失败
21/09/2019 17:29:16.234 ERROR 连接服务器失败
21/09/2019 17:31:23.296 ERROR 连接热像仪失败
21/09/2019 17:34:06.000 ERROR 连接服务器失败
21/09/2019 17:34:24.359 ERROR 连接热像仪失败
21/09/2019 17:34:43.296 ERROR 连接服务器失败
22/09/2019 08:09:06.828 ERROR 连接热像仪失败
22/09/2019 08:09:25.781 ERROR 连接服务器失败
22/09/2019 08:12:23.578 ERROR 连接热像仪失败
22/09/2019 08:12:42.453 ERROR 连接服务器失败
22/09/2019 08:26:13.218 ERROR 连接热像仪失败
22/09/2019 08:26:32.468 ERROR 连接服务器失败
22/09/2019 08:29:44.843 ERROR 连接热像仪失败
22/09/2019 08:30:41.468 ERROR 连接热像仪失败
22/09/2019 08:31:10.390 ERROR 连接服务器失败
22/09/2019 08:41:38.765 ERROR 连接热像仪失败
22/09/2019 08:44:09.765 ERROR 连接热像仪失败
22/09/2019 08:44:28.718 ERROR 连接服务器失败
22/09/2019 08:45:28.968 ERROR 连接热像仪失败
22/09/2019 08:45:47.250 ERROR 连接服务器失败
22/09/2019 09:04:49.843 ERROR 连接热像仪失败
22/09/2019 09:13:00.796 ERROR 连接热像仪失败
22/09/2019 09:16:14.296 ERROR 连接热像仪失败
22/09/2019 09:16:52.828 ERROR 连接热像仪失败
22/09/2019 09:18:56.812 ERROR 连接热像仪失败
22/09/2019 09:26:29.265 ERROR 连接热像仪失败
22/09/2019 09:46:33.921 ERROR 连接热像仪失败
22/09/2019 09:47:03.046 ERROR 连接热像仪失败
22/09/2019 09:47:30.515 ERROR 连接服务器失败
22/09/2019 09:50:54.765 ERROR 连接热像仪失败
22/09/2019 09:51:13.421 ERROR 连接服务器失败
22/09/2019 10:00:47.750 ERROR 连接热像仪失败
22/09/2019 10:29:43.968 ERROR 连接热像仪失败
22/09/2019 10:34:55.828 ERROR 连接热像仪失败
22/09/2019 10:35:49.593 ERROR 连接服务器失败
22/09/2019 10:48:04.906 ERROR 连接热像仪失败
22/09/2019 10:49:02.187 ERROR 连接热像仪失败
22/09/2019 10:50:02.093 ERROR 连接热像仪失败
22/09/2019 11:17:19.890 ERROR 连接热像仪失败
22/09/2019 11:18:14.859 ERROR 连接服务器失败
22/09/2019 11:19:46.062 ERROR 连接热像仪失败
22/09/2019 11:20:07.031 ERROR 连接服务器失败
22/09/2019 11:23:16.843 ERROR 连接热像仪失败
22/09/2019 11:23:36.453 ERROR 连接服务器失败
22/09/2019 11:24:08.375 ERROR 连接热像仪失败
22/09/2019 11:24:28.937 ERROR 连接服务器失败
22/09/2019 11:40:27.234 ERROR 连接热像仪失败
22/09/2019 11:40:46.343 ERROR 连接服务器失败
22/09/2019 11:43:11.484 ERROR 连接热像仪失败
22/09/2019 11:43:33.187 ERROR 连接服务器失败
22/09/2019 11:44:36.312 ERROR 连接热像仪失败
22/09/2019 11:44:56.187 ERROR 连接服务器失败
22/09/2019 11:46:19.203 ERROR 连接热像仪失败
22/09/2019 11:46:37.718 ERROR 连接服务器失败
22/09/2019 11:47:09.828 ERROR 连接热像仪失败
22/09/2019 11:47:38.078 ERROR 连接热像仪失败
22/09/2019 11:48:39.328 ERROR 连接热像仪失败
22/09/2019 11:49:35.750 ERROR 连接热像仪失败
22/09/2019 11:49:54.812 ERROR 连接服务器失败
22/09/2019 11:51:19.984 ERROR 连接热像仪失败
22/09/2019 11:51:39.953 ERROR 连接服务器失败
22/09/2019 12:38:41.703 ERROR 连接热像仪失败
22/09/2019 12:39:00.562 ERROR 连接服务器失败
22/09/2019 12:41:42.937 ERROR 连接热像仪失败
22/09/2019 12:42:01.343 ERROR 连接服务器失败
22/09/2019 13:25:53.453 ERROR 连接热像仪失败
22/09/2019 13:26:43.593 ERROR 连接热像仪失败
22/09/2019 13:27:23.468 ERROR 连接热像仪失败
22/09/2019 13:29:06.515 ERROR 连接热像仪失败
22/09/2019 13:29:26.437 ERROR 连接服务器失败
22/09/2019 13:30:47.531 ERROR 连接热像仪失败
22/09/2019 13:31:06.171 ERROR 连接服务器失败
22/09/2019 13:57:15.375 ERROR 连接热像仪失败
22/09/2019 13:57:36.062 ERROR 连接服务器失败
22/09/2019 13:58:31.671 ERROR 连接热像仪失败
22/09/2019 13:58:51.875 ERROR 连接服务器失败
22/09/2019 13:59:50.171 ERROR 连接热像仪失败
22/09/2019 14:00:09.281 ERROR 连接服务器失败
22/09/2019 14:07:37.687 ERROR 连接热像仪失败
22/09/2019 14:07:56.453 ERROR 连接服务器失败
22/09/2019 14:16:14.078 ERROR 连接热像仪失败
22/09/2019 14:16:37.218 ERROR 连接服务器失败
22/09/2019 14:18:43.515 ERROR 连接热像仪失败
22/09/2019 14:19:02.234 ERROR 连接服务器失败
22/09/2019 14:20:00.078 ERROR 连接热像仪失败
22/09/2019 14:20:19.140 ERROR 连接服务器失败
22/09/2019 14:32:39.828 ERROR 连接热像仪失败
22/09/2019 14:32:59.843 ERROR 连接服务器失败
22/09/2019 14:35:27.187 ERROR 连接热像仪失败
22/09/2019 14:37:13.500 ERROR 连接热像仪失败
22/09/2019 14:37:32.359 ERROR 连接服务器失败
22/09/2019 14:41:19.765 ERROR 连接热像仪失败
22/09/2019 14:41:45.328 ERROR 连接服务器失败
22/09/2019 14:43:46.234 ERROR 连接热像仪失败
22/09/2019 14:44:07.640 ERROR 连接服务器失败
22/09/2019 14:50:39.828 ERROR 连接热像仪失败
22/09/2019 14:51:19.000 ERROR 连接服务器失败
22/09/2019 14:55:46.406 ERROR 连接热像仪失败
22/09/2019 14:56:06.156 ERROR 连接服务器失败
22/09/2019 14:56:57.937 ERROR 连接热像仪失败
22/09/2019 14:57:17.000 ERROR 连接服务器失败
22/09/2019 14:57:49.609 ERROR 连接热像仪失败
22/09/2019 14:58:09.203 ERROR 连接服务器失败
22/09/2019 15:49:37.265 ERROR 连接热像仪失败
22/09/2019 15:50:48.453 ERROR 连接热像仪失败
22/09/2019 15:51:07.328 ERROR 连接服务器失败
22/09/2019 16:24:37.812 ERROR 连接热像仪失败
22/09/2019 16:24:56.359 ERROR 连接服务器失败
22/09/2019 16:37:09.953 ERROR 连接热像仪失败
22/09/2019 16:37:27.812 ERROR 连接服务器失败
22/09/2019 16:40:52.515 ERROR 连接热像仪失败
22/09/2019 16:41:11.640 ERROR 连接服务器失败
22/09/2019 16:44:02.781 ERROR 连接热像仪失败
22/09/2019 16:44:21.468 ERROR 连接服务器失败
22/09/2019 17:06:18.437 ERROR 连接热像仪失败
22/09/2019 17:06:37.171 ERROR 连接服务器失败
22/09/2019 17:11:52.296 ERROR 连接热像仪失败
22/09/2019 17:12:11.187 ERROR 连接服务器失败
22/09/2019 17:14:21.578 ERROR 连接热像仪失败
22/09/2019 17:14:40.531 ERROR 连接服务器失败
22/09/2019 17:22:54.781 ERROR 连接热像仪失败
22/09/2019 17:23:13.718 ERROR 连接服务器失败
22/09/2019 19:12:39.187 ERROR 连接热像仪失败
22/09/2019 19:12:58.984 ERROR 连接服务器失败
22/09/2019 19:14:22.687 ERROR 连接热像仪失败
22/09/2019 19:14:44.796 ERROR 连接热像仪失败
22/09/2019 19:15:03.343 ERROR 连接服务器失败
22/09/2019 19:18:13.609 ERROR 连接热像仪失败
22/09/2019 19:18:32.765 ERROR 连接服务器失败
22/09/2019 19:19:55.031 ERROR 连接热像仪失败
22/09/2019 19:26:09.406 ERROR 连接热像仪失败
22/09/2019 19:26:38.687 ERROR 连接服务器失败
22/09/2019 19:31:34.031 ERROR 连接热像仪失败
22/09/2019 19:31:52.546 ERROR 连接服务器失败
22/09/2019 19:34:05.531 ERROR 连接热像仪失败
22/09/2019 19:37:44.234 ERROR 连接热像仪失败
22/09/2019 19:38:28.343 ERROR 连接热像仪失败
22/09/2019 19:38:48.171 ERROR 连接服务器失败
22/09/2019 19:48:39.765 ERROR 连接热像仪失败
22/09/2019 19:52:01.343 ERROR 连接热像仪失败
22/09/2019 19:52:20.406 ERROR 连接服务器失败
22/09/2019 20:05:19.265 ERROR 连接热像仪失败
22/09/2019 20:05:37.921 ERROR 连接服务器失败
22/09/2019 20:08:18.468 ERROR 连接热像仪失败
22/09/2019 20:08:37.265 ERROR 连接服务器失败
22/09/2019 20:18:21.312 ERROR 连接热像仪失败
22/09/2019 20:18:39.468 ERROR 连接服务器失败
22/09/2019 20:22:00.718 ERROR 连接热像仪失败
22/09/2019 20:22:20.578 ERROR 连接服务器失败
22/09/2019 20:25:37.984 ERROR 连接热像仪失败
22/09/2019 20:25:56.015 ERROR 连接服务器失败
22/09/2019 20:33:10.343 ERROR 连接热像仪失败
22/09/2019 20:33:51.250 ERROR 连接热像仪失败
22/09/2019 20:35:22.921 ERROR 连接热像仪失败
22/09/2019 20:35:40.500 ERROR 连接服务器失败
22/09/2019 20:43:05.156 ERROR 连接热像仪失败
22/09/2019 20:43:24.281 ERROR 连接服务器失败
22/09/2019 20:45:03.546 ERROR 连接热像仪失败
22/09/2019 20:45:24.687 ERROR 连接服务器失败
23/09/2019 09:51:09.593 ERROR 连接服务器失败
23/09/2019 10:03:22.093 ERROR 连接服务器失败
23/09/2019 10:15:01.468 ERROR 连接服务器失败
23/09/2019 10:16:45.343 ERROR 连接服务器失败
23/09/2019 10:30:49.859 ERROR 连接服务器失败
23/09/2019 10:33:42.578 ERROR 连接服务器失败
23/09/2019 10:34:21.906 ERROR 连接服务器失败
23/09/2019 10:35:06.515 ERROR 连接服务器失败
23/09/2019 10:38:40.359 ERROR 连接服务器失败
23/09/2019 10:41:34.671 ERROR 连接服务器失败
23/09/2019 10:51:47.484 ERROR 连接服务器失败
23/09/2019 11:01:16.781 ERROR 连接服务器失败
23/09/2019 11:05:23.171 ERROR 连接服务器失败
24/09/2019 10:25:31.328 ERROR 连接热像仪失败
24/09/2019 10:25:50.718 ERROR 连接服务器失败
24/09/2019 10:55:12.078 ERROR 连接热像仪失败
24/09/2019 10:55:31.843 ERROR 连接服务器失败
24/09/2019 11:02:07.203 ERROR 连接热像仪失败
24/09/2019 11:02:54.171 ERROR 连接热像仪失败
24/09/2019 11:03:28.046 ERROR 连接服务器失败
24/09/2019 11:10:27.484 ERROR 连接热像仪失败
24/09/2019 11:10:45.359 ERROR 连接服务器失败
27/09/2019 08:08:30.687 ERROR 连接热像仪失败
27/09/2019 08:08:49.140 ERROR 连接服务器失败
27/09/2019 08:10:50.093 ERROR 连接服务器失败
27/09/2019 08:12:05.234 ERROR 连接服务器失败
27/09/2019 08:19:45.515 ERROR 连接服务器失败
27/09/2019 08:20:52.250 ERROR 连接信号服务器成功
27/09/2019 15:56:14.218 ERROR 连接热像仪失败
27/09/2019 15:56:37.796 ERROR 连接服务器失败
10/10/2019 14:43:59.000 ERROR 连接热像仪失败
10/10/2019 17:08:32.031 ERROR 连接热像仪失败
10/10/2019 17:08:51.937 ERROR 连接服务器失败
10/10/2019 17:10:57.500 ERROR 连接热像仪失败
10/10/2019 17:11:16.625 ERROR 连接服务器失败
10/10/2019 17:13:27.156 ERROR 连接热像仪失败
10/10/2019 17:24:45.156 ERROR 连接热像仪失败
10/10/2019 17:28:24.781 ERROR 连接热像仪失败
10/10/2019 17:28:45.593 ERROR 连接服务器失败
10/10/2019 17:31:38.406 ERROR 连接热像仪失败
10/10/2019 17:35:35.625 ERROR 连接热像仪失败
10/10/2019 17:35:53.093 ERROR 连接服务器失败
10/10/2019 17:36:20.937 ERROR 连接热像仪失败
10/10/2019 17:37:30.015 ERROR 连接热像仪失败
10/10/2019 17:38:31.437 ERROR 连接热像仪失败
10/10/2019 17:38:50.406 ERROR 连接服务器失败
10/10/2019 17:41:57.093 ERROR 连接热像仪失败
10/10/2019 17:42:46.328 ERROR 连接热像仪失败
10/10/2019 18:39:14.796 ERROR 连接热像仪失败
10/10/2019 18:39:36.187 ERROR 连接服务器失败
10/10/2019 19:03:35.093 ERROR 连接热像仪失败
10/10/2019 19:03:54.250 ERROR 连接服务器失败
10/10/2019 19:09:01.328 ERROR 连接热像仪失败
11/10/2019 14:17:11.609 ERROR 连接热像仪失败
11/10/2019 14:19:18.890 ERROR 连接热像仪失败
11/10/2019 14:21:31.125 ERROR 连接热像仪失败
11/10/2019 14:22:15.031 ERROR 连接热像仪失败
11/10/2019 14:23:07.437 ERROR 连接热像仪失败
11/10/2019 14:23:26.593 ERROR 连接服务器失败
11/10/2019 14:27:31.000 ERROR 连接热像仪失败
11/10/2019 14:32:04.984 ERROR 连接热像仪失败
11/10/2019 14:38:50.656 ERROR 连接热像仪失败
11/10/2019 14:39:09.406 ERROR 连接服务器失败
11/10/2019 14:41:15.156 ERROR 连接热像仪失败
11/10/2019 14:41:35.656 ERROR 连接服务器失败
11/10/2019 15:00:31.875 ERROR 连接热像仪失败
11/10/2019 15:00:48.218 ERROR 连接服务器失败
11/10/2019 15:02:12.421 ERROR 连接热像仪失败
11/10/2019 15:02:34.421 ERROR 连接服务器失败
11/10/2019 15:06:10.203 ERROR 连接热像仪失败
11/10/2019 15:06:31.562 ERROR 连接服务器失败
11/10/2019 15:38:25.906 ERROR 连接热像仪失败
11/10/2019 15:38:44.093 ERROR 连接服务器失败
11/10/2019 16:34:32.250 ERROR 连接热像仪失败
11/10/2019 16:34:52.406 ERROR 连接服务器失败
11/10/2019 16:45:21.640 ERROR 连接热像仪失败
11/10/2019 16:45:40.750 ERROR 连接服务器失败
11/10/2019 16:48:48.843 ERROR 连接热像仪失败
11/10/2019 16:49:07.921 ERROR 连接服务器失败
11/10/2019 16:58:14.515 ERROR 连接热像仪失败
11/10/2019 16:58:32.062 ERROR 连接服务器失败
11/10/2019 17:04:59.468 ERROR 连接热像仪失败
11/10/2019 17:05:17.625 ERROR 连接服务器失败
11/10/2019 21:41:23.125 ERROR 连接热像仪失败
11/10/2019 21:41:41.500 ERROR 连接服务器失败
11/10/2019 21:44:02.578 ERROR 连接热像仪失败
11/10/2019 21:44:21.093 ERROR 连接服务器失败
11/10/2019 21:46:25.750 ERROR 连接热像仪失败
11/10/2019 21:46:44.625 ERROR 连接服务器失败
11/10/2019 22:00:48.921 ERROR 连接热像仪失败
11/10/2019 22:01:12.156 ERROR 连接服务器失败
11/10/2019 22:05:43.359 ERROR 连接热像仪失败
11/10/2019 22:06:02.000 ERROR 连接服务器失败
11/10/2019 22:11:27.828 ERROR 连接热像仪失败
11/10/2019 22:11:47.109 ERROR 连接服务器失败
11/10/2019 22:18:35.125 ERROR 连接热像仪失败
11/10/2019 22:18:54.906 ERROR 连接服务器失败
11/10/2019 22:24:50.859 ERROR 连接热像仪失败
11/10/2019 22:25:09.890 ERROR 连接服务器失败
11/10/2019 22:27:34.906 ERROR 连接热像仪失败
11/10/2019 22:27:53.984 ERROR 连接服务器失败
11/10/2019 22:29:30.140 ERROR 连接热像仪失败
11/10/2019 22:29:50.328 ERROR 连接服务器失败
11/10/2019 22:30:51.984 ERROR 连接热像仪失败
11/10/2019 22:44:34.468 ERROR 连接热像仪失败
11/10/2019 22:47:22.250 ERROR 连接热像仪失败
11/10/2019 22:47:41.078 ERROR 连接服务器失败
11/10/2019 22:52:46.421 ERROR 连接热像仪失败
11/10/2019 22:53:07.953 ERROR 连接服务器失败
11/10/2019 22:53:47.937 ERROR 连接热像仪失败
11/10/2019 22:54:51.234 ERROR 连接热像仪失败
11/10/2019 22:55:10.203 ERROR 连接服务器失败
11/10/2019 22:57:43.250 ERROR 连接热像仪失败
11/10/2019 22:58:02.906 ERROR 连接服务器失败
11/10/2019 22:59:21.093 ERROR 连接热像仪失败
11/10/2019 23:00:00.531 ERROR 连接服务器失败
11/10/2019 23:01:37.953 ERROR 连接热像仪失败
11/10/2019 23:01:56.625 ERROR 连接服务器失败
11/10/2019 23:02:50.093 ERROR 连接热像仪失败
11/10/2019 23:03:09.640 ERROR 连接服务器失败
11/10/2019 23:07:07.343 ERROR 连接热像仪失败
11/10/2019 23:07:53.578 ERROR 连接热像仪失败
11/10/2019 23:08:12.312 ERROR 连接服务器失败
11/10/2019 23:10:18.421 ERROR 连接热像仪失败
11/10/2019 23:12:27.640 ERROR 连接服务器失败
11/10/2019 23:13:04.718 ERROR 连接热像仪失败
11/10/2019 23:13:23.656 ERROR 连接服务器失败
11/10/2019 23:15:33.500 ERROR 连接热像仪失败
11/10/2019 23:15:52.671 ERROR 连接服务器失败
11/10/2019 23:21:25.578 ERROR 连接热像仪失败
11/10/2019 23:21:44.046 ERROR 连接服务器失败
12/10/2019 08:34:53.734 ERROR login:Can't connect to MySQL server on 'localhost' (10061)
12/10/2019 08:35:54.875 ERROR 连接热像仪失败
12/10/2019 08:36:13.015 ERROR 连接服务器失败
12/10/2019 08:37:30.578 ERROR 连接热像仪失败
12/10/2019 08:37:49.750 ERROR 连接服务器失败
12/10/2019 08:42:14.187 ERROR 连接热像仪失败
12/10/2019 08:42:34.453 ERROR 连接服务器失败
12/10/2019 08:46:43.187 ERROR 连接服务器失败
12/10/2019 08:51:41.875 ERROR 连接服务器失败
12/10/2019 08:53:33.203 ERROR 连接服务器失败
27/10/2019 13:28:11.828 ERROR 连接热像仪失败
27/10/2019 13:29:54.296 ERROR 连接热像仪失败
27/10/2019 13:33:34.890 ERROR 连接服务器失败
27/10/2019 13:33:35.656 ERROR 连接热像仪失败
05/06/2020 11:58:13.265 ERROR 连接热像仪失败
05/06/2020 11:58:32.140 ERROR 连接服务器失败
05/06/2020 12:01:58.718 ERROR 连接热像仪失败
05/06/2020 14:04:10.828 ERROR 连接热像仪失败
05/06/2020 14:04:29.406 ERROR 连接服务器失败
05/06/2020 14:09:23.390 ERROR 连接热像仪失败
05/06/2020 14:37:21.500 ERROR 连接热像仪失败
05/06/2020 14:37:52.718 ERROR 连接服务器失败
05/06/2020 14:39:35.406 ERROR 连接热像仪失败
05/06/2020 14:41:05.203 ERROR 连接热像仪失败
05/06/2020 17:15:25.984 ERROR 连接热像仪失败
05/06/2020 17:16:15.671 ERROR 连接热像仪失败
05/06/2020 17:18:17.265 ERROR 连接热像仪失败
08/06/2020 15:27:22.312 ERROR 登录密码错误
08/06/2020 15:27:26.921 ERROR 登录密码错误
08/06/2020 15:27:32.984 ERROR 登录密码错误
08/06/2020 15:32:06.890 ERROR 连接热像仪失败
08/06/2020 16:19:26.640 ERROR 连接热像仪失败
08/06/2020 16:52:02.156 ERROR 连接热像仪失败
