30/07/2019 15:53:52.578 INFO  admin登录
30/07/2019 15:57:10.578 INFO  admin登录
30/07/2019 15:57:23.468 INFO  删除用户:zhy
30/07/2019 15:57:50.171 INFO  用户操作成功
30/07/2019 16:30:20.359 INFO  admin登录
30/07/2019 16:59:37.781 INFO  admin登录
30/07/2019 17:00:27.296 INFO  admin登录
30/07/2019 17:01:53.109 INFO  admin登录
30/07/2019 17:02:58.375 INFO  admin登录
30/07/2019 17:03:35.859 INFO  admin登录
30/07/2019 17:05:11.031 INFO  admin登录
30/07/2019 17:08:32.312 INFO  admin登录
30/07/2019 17:10:11.531 INFO  admin登录
30/07/2019 17:11:05.750 INFO  admin登录
30/07/2019 17:13:58.093 INFO  admin登录
30/07/2019 17:19:10.531 INFO  admin登录
30/07/2019 17:21:41.000 INFO  admin登录
30/07/2019 17:23:35.312 INFO  admin登录
30/07/2019 17:24:23.406 INFO  admin登录
30/07/2019 17:28:09.015 INFO  admin登录
08/08/2019 09:30:08.359 INFO  admin登录
08/08/2019 09:33:06.406 INFO  admin登录
08/08/2019 09:57:55.250 INFO  admin登录
08/08/2019 10:05:11.703 INFO  admin登录
08/08/2019 10:06:20.015 INFO  admin登录
08/08/2019 10:07:22.437 INFO  admin登录
08/08/2019 10:08:06.265 INFO  admin登录
08/08/2019 10:11:15.796 INFO  admin登录
08/08/2019 10:20:51.468 INFO  admin登录
08/08/2019 10:40:21.453 INFO  admin登录
08/08/2019 10:42:19.687 INFO  admin登录
08/08/2019 10:43:53.687 INFO  admin登录
08/08/2019 10:47:26.937 INFO  admin登录
08/08/2019 10:56:39.640 INFO  admin登录
08/08/2019 10:58:39.703 INFO  admin登录
08/08/2019 11:00:59.656 INFO  admin登录
08/08/2019 11:02:09.031 INFO  admin登录
09/08/2019 11:56:46.468 INFO  admin登录
09/08/2019 11:59:09.875 INFO  admin登录
09/08/2019 11:59:09.031 INFO  热像仪连接成功
09/08/2019 12:01:38.562 INFO  admin登录
09/08/2019 12:01:39.718 INFO  热像仪连接成功
09/08/2019 12:10:54.484 INFO  admin登录
09/08/2019 12:10:54.687 INFO  热像仪连接成功
09/08/2019 12:13:18.859 INFO  admin登录
09/08/2019 12:13:18.218 INFO  热像仪连接成功
09/08/2019 12:14:06.703 INFO  admin登录
09/08/2019 12:14:06.875 INFO  热像仪连接成功
09/08/2019 12:20:29.171 INFO  admin登录
09/08/2019 12:20:29.343 INFO  热像仪连接成功
09/08/2019 12:27:55.562 INFO  admin登录
09/08/2019 12:27:56.734 INFO  热像仪连接成功
09/08/2019 12:28:38.156 INFO  admin登录
09/08/2019 12:28:38.343 INFO  热像仪连接成功
10/08/2019 14:36:45.375 INFO  admin登录
10/08/2019 15:26:42.609 INFO  admin登录
10/08/2019 20:11:50.781 INFO  admin登录
10/08/2019 20:26:42.718 INFO  admin登录
10/08/2019 20:28:29.156 INFO  admin登录
10/08/2019 20:32:07.343 INFO  admin登录
10/08/2019 20:33:01.093 INFO  admin登录
11/08/2019 13:38:18.640 INFO  admin登录
11/08/2019 13:39:16.375 INFO  admin登录
11/08/2019 13:39:16.562 INFO  热像仪连接成功
11/08/2019 13:40:32.671 INFO  admin登录
11/08/2019 13:40:33.859 INFO  热像仪连接成功
12/08/2019 10:38:55.437 INFO  admin登录
12/08/2019 10:42:36.187 INFO  admin登录
12/08/2019 10:43:13.625 INFO  admin登录
12/08/2019 10:44:07.718 INFO  admin登录
12/08/2019 10:44:07.890 INFO  热像仪连接成功
12/08/2019 10:45:17.000 INFO  admin登录
12/08/2019 10:45:17.203 INFO  热像仪连接成功
12/08/2019 10:45:42.765 INFO  admin登录
12/08/2019 10:45:42.953 INFO  热像仪连接成功
12/08/2019 10:56:38.453 INFO  admin登录
12/08/2019 10:56:38.656 INFO  热像仪连接成功
12/08/2019 10:58:38.578 INFO  admin登录
12/08/2019 10:58:39.750 INFO  热像仪连接成功
12/08/2019 11:03:23.484 INFO  admin登录
12/08/2019 11:03:23.656 INFO  热像仪连接成功
12/08/2019 11:06:15.328 INFO  admin登录
12/08/2019 11:06:15.515 INFO  热像仪连接成功
12/08/2019 11:09:41.109 INFO  admin登录
12/08/2019 11:09:41.312 INFO  热像仪连接成功
12/08/2019 11:10:58.859 INFO  admin登录
12/08/2019 11:10:58.062 INFO  热像仪连接成功
12/08/2019 11:16:11.156 INFO  admin登录
12/08/2019 11:16:11.375 INFO  热像仪连接成功
12/08/2019 11:22:24.875 INFO  admin登录
12/08/2019 11:22:24.046 INFO  热像仪连接成功
12/08/2019 11:24:22.562 INFO  admin登录
12/08/2019 11:24:23.781 INFO  热像仪连接成功
12/08/2019 16:57:26.062 INFO  admin登录
12/08/2019 16:58:51.375 INFO  admin登录
12/08/2019 16:59:42.656 INFO  admin登录
12/08/2019 17:00:35.359 INFO  admin登录
12/08/2019 17:07:12.812 INFO  admin登录
12/08/2019 17:07:48.843 INFO  admin登录
12/08/2019 17:08:59.578 INFO  admin登录
12/08/2019 20:47:51.562 INFO  admin登录
12/08/2019 20:54:35.828 INFO  admin登录
12/08/2019 20:55:40.953 INFO  admin登录
12/08/2019 21:02:55.937 INFO  admin登录
12/08/2019 22:32:53.359 INFO  admin登录
12/08/2019 22:45:00.031 INFO  admin登录
12/08/2019 22:46:22.531 INFO  admin登录
12/08/2019 23:02:04.015 INFO  admin登录
12/08/2019 23:03:53.421 INFO  admin登录
12/08/2019 23:09:48.656 INFO  admin登录
12/08/2019 23:10:19.843 INFO  admin登录
12/08/2019 23:20:49.562 INFO  admin登录
12/08/2019 23:34:21.390 INFO  admin登录
13/08/2019 10:28:03.000 INFO  admin登录
13/08/2019 10:28:49.890 INFO  admin登录
13/08/2019 10:28:49.078 INFO  热像仪连接成功
13/08/2019 10:30:00.625 INFO  admin登录
13/08/2019 10:30:00.828 INFO  热像仪连接成功
13/08/2019 10:31:29.765 INFO  admin登录
13/08/2019 10:31:29.953 INFO  热像仪连接成功
13/08/2019 10:31:50.390 INFO  admin登录
13/08/2019 10:31:50.578 INFO  热像仪连接成功
13/08/2019 10:32:44.531 INFO  admin登录
13/08/2019 10:32:44.718 INFO  热像仪连接成功
13/08/2019 10:37:32.718 INFO  admin登录
13/08/2019 10:37:32.906 INFO  热像仪连接成功
13/08/2019 10:39:42.093 INFO  admin登录
13/08/2019 10:39:43.281 INFO  热像仪连接成功
13/08/2019 10:41:02.812 INFO  admin登录
13/08/2019 10:41:02.000 INFO  热像仪连接成功
13/08/2019 10:43:45.609 INFO  admin登录
13/08/2019 10:43:45.812 INFO  热像仪连接成功
13/08/2019 10:52:52.859 INFO  admin登录
13/08/2019 10:52:52.218 INFO  热像仪连接成功
13/08/2019 10:58:21.828 INFO  admin登录
13/08/2019 10:58:21.015 INFO  热像仪连接成功
13/08/2019 11:01:43.578 INFO  admin登录
13/08/2019 11:01:43.750 INFO  热像仪连接成功
13/08/2019 11:03:12.656 INFO  admin登录
13/08/2019 11:03:12.828 INFO  热像仪连接成功
13/08/2019 11:08:25.890 INFO  admin登录
13/08/2019 11:08:25.093 INFO  热像仪连接成功
13/08/2019 11:15:23.468 INFO  admin登录
13/08/2019 11:15:23.671 INFO  热像仪连接成功
13/08/2019 11:20:39.750 INFO  admin登录
13/08/2019 11:20:39.984 INFO  热像仪连接成功
13/08/2019 11:28:28.437 INFO  admin登录
13/08/2019 11:28:28.625 INFO  热像仪连接成功
13/08/2019 11:41:25.812 INFO  admin登录
13/08/2019 11:41:25.031 INFO  热像仪连接成功
13/08/2019 12:11:09.421 INFO  admin登录
13/08/2019 12:11:09.765 INFO  热像仪连接成功
13/08/2019 12:15:51.125 INFO  admin登录
13/08/2019 12:15:52.296 INFO  热像仪连接成功
13/08/2019 12:20:53.484 INFO  admin登录
13/08/2019 12:20:53.656 INFO  热像仪连接成功
13/08/2019 12:31:14.750 INFO  admin登录
13/08/2019 12:31:14.984 INFO  热像仪连接成功
13/08/2019 12:37:32.812 INFO  admin登录
13/08/2019 12:37:32.046 INFO  热像仪连接成功
13/08/2019 12:39:09.828 INFO  admin登录
13/08/2019 12:39:09.015 INFO  热像仪连接成功
13/08/2019 12:43:57.468 INFO  admin登录
13/08/2019 12:43:57.640 INFO  热像仪连接成功
13/08/2019 12:46:47.859 INFO  admin登录
13/08/2019 12:46:47.109 INFO  热像仪连接成功
13/08/2019 13:41:03.187 INFO  admin登录
13/08/2019 13:49:08.078 INFO  admin登录
13/08/2019 14:52:22.000 INFO  admin登录
13/08/2019 14:53:45.312 INFO  admin登录
13/08/2019 14:54:08.015 INFO  admin登录
13/08/2019 14:55:39.062 INFO  admin登录
16/08/2019 14:53:47.484 INFO  admin登录
16/08/2019 14:55:01.406 INFO  admin登录
16/08/2019 14:55:29.734 INFO  热像仪连接成功
16/08/2019 14:56:06.171 INFO  admin登录
16/08/2019 14:56:07.468 INFO  热像仪连接成功
16/08/2019 15:00:16.078 INFO  admin登录
16/08/2019 15:00:17.437 INFO  热像仪连接成功
16/08/2019 15:34:10.421 INFO  admin登录
16/08/2019 15:34:10.859 INFO  热像仪连接成功
16/08/2019 15:46:58.625 INFO  admin登录
16/08/2019 15:46:58.078 INFO  热像仪连接成功
16/08/2019 15:51:54.281 INFO  admin登录
16/08/2019 15:51:54.625 INFO  热像仪连接成功
16/08/2019 21:03:19.484 INFO  admin登录
16/08/2019 21:04:52.625 INFO  admin登录
16/08/2019 21:04:52.921 INFO  热像仪连接成功
16/08/2019 21:06:22.500 INFO  admin登录
16/08/2019 21:06:22.875 INFO  热像仪连接成功
16/08/2019 21:08:44.140 INFO  admin登录
16/08/2019 21:08:45.484 INFO  热像仪连接成功
16/08/2019 21:26:11.890 INFO  admin登录
16/08/2019 21:26:12.296 INFO  热像仪连接成功
16/08/2019 21:27:10.078 INFO  admin登录
16/08/2019 21:27:11.406 INFO  热像仪连接成功
16/08/2019 21:46:51.468 INFO  admin登录
16/08/2019 21:46:51.828 INFO  热像仪连接成功
16/08/2019 21:47:40.187 INFO  admin登录
16/08/2019 21:47:41.531 INFO  热像仪连接成功
16/08/2019 22:48:59.656 INFO  admin登录
16/08/2019 22:48:59.015 INFO  热像仪连接成功
16/08/2019 22:52:15.718 INFO  admin登录
16/08/2019 22:52:15.031 INFO  热像仪连接成功
16/08/2019 22:59:48.000 INFO  admin登录
16/08/2019 22:59:49.343 INFO  热像仪连接成功
16/08/2019 23:03:03.609 INFO  admin登录
16/08/2019 23:03:03.937 INFO  热像仪连接成功
17/08/2019 08:17:32.593 INFO  admin登录
17/08/2019 08:17:32.968 INFO  热像仪连接成功
17/08/2019 08:19:21.750 INFO  admin登录
17/08/2019 08:19:21.031 INFO  热像仪连接成功
17/08/2019 08:21:09.937 INFO  admin登录
17/08/2019 08:21:09.265 INFO  热像仪连接成功
17/08/2019 08:23:29.687 INFO  admin登录
17/08/2019 08:23:29.000 INFO  热像仪连接成功
17/08/2019 08:29:01.718 INFO  admin登录
17/08/2019 08:29:01.109 INFO  热像仪连接成功
17/08/2019 08:29:54.000 INFO  admin登录
17/08/2019 08:29:54.281 INFO  热像仪连接成功
17/08/2019 08:33:36.265 INFO  admin登录
17/08/2019 08:33:37.609 INFO  热像仪连接成功
17/08/2019 08:44:02.890 INFO  admin登录
17/08/2019 08:44:02.218 INFO  热像仪连接成功
17/08/2019 08:46:11.859 INFO  admin登录
17/08/2019 08:46:11.187 INFO  热像仪连接成功
17/08/2019 08:51:33.109 INFO  admin登录
17/08/2019 08:51:34.437 INFO  热像仪连接成功
17/08/2019 08:54:15.750 INFO  admin登录
17/08/2019 08:54:15.093 INFO  热像仪连接成功
17/08/2019 08:56:52.062 INFO  admin登录
17/08/2019 08:56:53.359 INFO  热像仪连接成功
17/08/2019 08:59:28.187 INFO  admin登录
17/08/2019 08:59:29.531 INFO  热像仪连接成功
17/08/2019 09:03:20.734 INFO  admin登录
17/08/2019 09:03:20.109 INFO  热像仪连接成功
17/08/2019 09:05:54.515 INFO  admin登录
17/08/2019 09:05:54.796 INFO  热像仪连接成功
17/08/2019 09:06:46.140 INFO  admin登录
17/08/2019 09:06:47.421 INFO  热像仪连接成功
17/08/2019 09:08:12.687 INFO  admin登录
17/08/2019 09:08:12.984 INFO  热像仪连接成功
17/08/2019 09:09:49.125 INFO  admin登录
17/08/2019 09:09:50.421 INFO  热像仪连接成功
17/08/2019 10:46:21.171 INFO  admin登录
17/08/2019 10:46:46.437 INFO  热像仪连接成功
17/08/2019 10:57:11.843 INFO  admin登录
17/08/2019 10:57:47.984 INFO  热像仪连接成功
17/08/2019 11:01:49.765 INFO  admin登录
17/08/2019 11:02:11.218 INFO  热像仪连接成功
17/08/2019 11:02:55.796 INFO  admin登录
17/08/2019 11:02:55.109 INFO  热像仪连接成功
17/08/2019 11:04:59.421 INFO  admin登录
17/08/2019 11:04:59.828 INFO  热像仪连接成功
17/08/2019 11:05:27.093 INFO  admin登录
17/08/2019 11:06:28.796 INFO  热像仪连接成功
17/08/2019 11:07:15.921 INFO  admin登录
17/08/2019 11:07:16.359 INFO  热像仪连接成功
17/08/2019 11:07:57.140 INFO  admin登录
17/08/2019 11:07:58.562 INFO  热像仪连接成功
17/08/2019 11:08:30.578 INFO  admin登录
17/08/2019 11:08:54.015 INFO  热像仪连接成功
17/08/2019 11:09:22.640 INFO  admin登录
17/08/2019 11:10:16.578 INFO  admin登录
17/08/2019 11:10:16.968 INFO  热像仪连接成功
17/08/2019 11:15:02.265 INFO  admin登录
17/08/2019 11:15:03.656 INFO  热像仪连接成功
17/08/2019 11:16:30.265 INFO  admin登录
17/08/2019 11:16:31.593 INFO  热像仪连接成功
17/08/2019 11:16:51.328 INFO  admin登录
17/08/2019 11:16:51.656 INFO  热像仪连接成功
17/08/2019 11:23:59.875 INFO  admin登录
17/08/2019 11:23:59.187 INFO  热像仪连接成功
17/08/2019 11:28:29.859 INFO  admin登录
17/08/2019 11:28:29.156 INFO  热像仪连接成功
17/08/2019 11:30:03.343 INFO  admin登录
17/08/2019 11:30:03.671 INFO  热像仪连接成功
17/08/2019 11:37:18.406 INFO  admin登录
17/08/2019 11:37:18.718 INFO  热像仪连接成功
17/08/2019 11:40:51.390 INFO  admin登录
17/08/2019 11:40:51.703 INFO  热像仪连接成功
17/08/2019 11:42:01.359 INFO  admin登录
17/08/2019 11:42:01.656 INFO  热像仪连接成功
17/08/2019 11:56:34.921 INFO  admin登录
17/08/2019 11:56:35.296 INFO  热像仪连接成功
17/08/2019 11:57:20.171 INFO  admin登录
17/08/2019 11:57:21.468 INFO  热像仪连接成功
17/08/2019 11:58:51.703 INFO  admin登录
17/08/2019 11:58:51.125 INFO  热像仪连接成功
17/08/2019 12:00:22.109 INFO  admin登录
17/08/2019 12:00:23.421 INFO  热像仪连接成功
17/08/2019 12:02:33.890 INFO  admin登录
17/08/2019 12:02:33.203 INFO  热像仪连接成功
17/08/2019 12:22:11.718 INFO  admin登录
17/08/2019 12:22:11.109 INFO  热像仪连接成功
17/08/2019 12:27:04.937 INFO  admin登录
17/08/2019 12:27:04.250 INFO  热像仪连接成功
17/08/2019 12:28:12.781 INFO  admin登录
17/08/2019 12:28:12.078 INFO  热像仪连接成功
17/08/2019 12:30:00.609 INFO  admin登录
17/08/2019 12:30:00.937 INFO  热像仪连接成功
17/08/2019 12:42:56.703 INFO  admin登录
17/08/2019 12:42:56.078 INFO  热像仪连接成功
17/08/2019 12:45:58.234 INFO  admin登录
17/08/2019 12:45:59.500 INFO  热像仪连接成功
17/08/2019 13:04:48.984 INFO  admin登录
17/08/2019 13:04:49.328 INFO  热像仪连接成功
17/08/2019 13:06:44.140 INFO  admin登录
17/08/2019 13:06:45.453 INFO  热像仪连接成功
17/08/2019 13:08:29.265 INFO  admin登录
17/08/2019 13:08:30.531 INFO  热像仪连接成功
17/08/2019 13:10:14.250 INFO  admin登录
17/08/2019 13:10:15.531 INFO  热像仪连接成功
17/08/2019 13:14:35.640 INFO  admin登录
17/08/2019 13:14:35.984 INFO  热像仪连接成功
17/08/2019 13:17:41.937 INFO  admin登录
17/08/2019 13:17:42.312 INFO  热像仪连接成功
17/08/2019 13:18:19.015 INFO  admin登录
17/08/2019 13:18:20.406 INFO  热像仪连接成功
17/08/2019 13:19:06.843 INFO  admin登录
17/08/2019 13:19:06.140 INFO  热像仪连接成功
17/08/2019 13:19:56.671 INFO  admin登录
17/08/2019 13:19:56.031 INFO  热像仪连接成功
17/08/2019 13:20:26.093 INFO  admin登录
17/08/2019 13:20:27.468 INFO  热像仪连接成功
17/08/2019 13:23:59.609 INFO  admin登录
17/08/2019 13:23:59.906 INFO  热像仪连接成功
17/08/2019 13:32:09.296 INFO  admin登录
17/08/2019 13:32:09.593 INFO  热像仪连接成功
17/08/2019 13:34:21.625 INFO  admin登录
17/08/2019 13:34:21.921 INFO  热像仪连接成功
17/08/2019 13:36:28.140 INFO  admin登录
17/08/2019 13:36:29.453 INFO  热像仪连接成功
17/08/2019 13:40:43.718 INFO  admin登录
17/08/2019 13:40:43.078 INFO  热像仪连接成功
17/08/2019 14:47:58.421 INFO  admin登录
17/08/2019 14:47:58.718 INFO  热像仪连接成功
17/08/2019 14:48:39.328 INFO  admin登录
17/08/2019 14:48:39.671 INFO  热像仪连接成功
17/08/2019 14:50:37.953 INFO  admin登录
17/08/2019 14:50:37.250 INFO  热像仪连接成功
17/08/2019 14:57:41.656 INFO  admin登录
17/08/2019 14:57:41.968 INFO  热像仪连接成功
17/08/2019 14:58:23.343 INFO  admin登录
17/08/2019 14:58:23.625 INFO  热像仪连接成功
17/08/2019 15:00:34.531 INFO  admin登录
17/08/2019 15:00:34.843 INFO  热像仪连接成功
17/08/2019 15:01:58.203 INFO  admin登录
17/08/2019 15:01:59.500 INFO  热像仪连接成功
17/08/2019 15:23:34.921 INFO  admin登录
17/08/2019 15:23:34.234 INFO  热像仪连接成功
17/08/2019 15:42:36.796 INFO  admin登录
17/08/2019 15:42:36.203 INFO  热像仪连接成功
17/08/2019 15:45:07.625 INFO  admin登录
17/08/2019 15:45:07.937 INFO  热像仪连接成功
17/08/2019 15:55:46.593 INFO  admin登录
17/08/2019 15:55:46.015 INFO  热像仪连接成功
17/08/2019 15:58:08.937 INFO  admin登录
17/08/2019 15:58:08.265 INFO  热像仪连接成功
17/08/2019 15:59:52.921 INFO  admin登录
17/08/2019 15:59:52.203 INFO  热像仪连接成功
17/08/2019 16:05:48.078 INFO  admin登录
17/08/2019 16:05:49.406 INFO  热像仪连接成功
17/08/2019 16:08:44.859 INFO  admin登录
17/08/2019 16:08:44.203 INFO  热像仪连接成功
17/08/2019 16:09:46.937 INFO  admin登录
17/08/2019 16:09:46.250 INFO  热像仪连接成功
17/08/2019 16:10:38.531 INFO  admin登录
17/08/2019 16:10:38.828 INFO  热像仪连接成功
17/08/2019 16:16:50.828 INFO  admin登录
17/08/2019 16:16:50.250 INFO  热像仪连接成功
17/08/2019 16:18:36.906 INFO  admin登录
17/08/2019 16:18:36.187 INFO  热像仪连接成功
17/08/2019 16:35:25.406 INFO  admin登录
17/08/2019 16:35:25.750 INFO  热像仪连接成功
17/08/2019 16:36:55.234 INFO  admin登录
17/08/2019 16:36:56.546 INFO  热像仪连接成功
17/08/2019 16:38:39.343 INFO  admin登录
17/08/2019 16:38:39.640 INFO  热像仪连接成功
17/08/2019 16:40:09.500 INFO  admin登录
17/08/2019 16:40:09.796 INFO  热像仪连接成功
17/08/2019 16:41:11.328 INFO  admin登录
17/08/2019 16:41:11.625 INFO  热像仪连接成功
17/08/2019 16:43:04.968 INFO  admin登录
17/08/2019 16:43:04.265 INFO  热像仪连接成功
17/08/2019 16:45:36.750 INFO  admin登录
17/08/2019 16:45:36.078 INFO  热像仪连接成功
17/08/2019 16:46:37.703 INFO  admin登录
17/08/2019 16:46:37.984 INFO  热像仪连接成功
17/08/2019 16:49:10.156 INFO  admin登录
17/08/2019 16:49:11.437 INFO  热像仪连接成功
17/08/2019 17:12:36.593 INFO  admin登录
17/08/2019 17:12:36.906 INFO  热像仪连接成功
17/08/2019 17:13:48.281 INFO  admin登录
17/08/2019 17:13:48.593 INFO  热像仪连接成功
17/08/2019 17:18:05.328 INFO  admin登录
17/08/2019 17:18:05.640 INFO  热像仪连接成功
17/08/2019 17:19:23.859 INFO  admin登录
17/08/2019 17:19:23.156 INFO  热像仪连接成功
17/08/2019 17:20:35.140 INFO  admin登录
17/08/2019 17:20:36.453 INFO  热像仪连接成功
17/08/2019 17:21:20.609 INFO  admin登录
17/08/2019 17:21:20.921 INFO  热像仪连接成功
17/08/2019 17:24:36.656 INFO  admin登录
17/08/2019 17:24:36.968 INFO  热像仪连接成功
17/08/2019 17:34:14.062 INFO  admin登录
17/08/2019 17:34:15.359 INFO  热像仪连接成功
17/08/2019 17:51:23.609 INFO  admin登录
17/08/2019 17:51:23.031 INFO  热像仪连接成功
19/08/2019 11:54:01.296 INFO  admin登录
19/08/2019 11:54:01.765 INFO  热像仪连接成功
19/08/2019 11:55:16.093 INFO  admin登录
19/08/2019 11:55:17.593 INFO  热像仪连接成功
19/08/2019 12:05:53.875 INFO  admin登录
19/08/2019 12:05:54.250 INFO  热像仪连接成功
19/08/2019 12:10:04.296 INFO  admin登录
19/08/2019 12:10:04.640 INFO  热像仪连接成功
19/08/2019 12:43:40.546 INFO  admin登录
19/08/2019 12:43:40.859 INFO  热像仪连接成功
19/08/2019 12:46:27.562 INFO  admin登录
19/08/2019 12:46:27.859 INFO  热像仪连接成功
19/08/2019 12:48:50.937 INFO  admin登录
19/08/2019 12:48:51.265 INFO  热像仪连接成功
19/08/2019 12:50:46.750 INFO  admin登录
19/08/2019 12:50:46.078 INFO  热像仪连接成功
19/08/2019 13:07:57.625 INFO  admin登录
19/08/2019 13:07:57.015 INFO  热像仪连接成功
19/08/2019 14:01:33.406 INFO  admin登录
19/08/2019 14:01:33.734 INFO  热像仪连接成功
19/08/2019 14:05:45.593 INFO  admin登录
19/08/2019 14:05:45.937 INFO  热像仪连接成功
19/08/2019 14:18:54.453 INFO  admin登录
19/08/2019 14:18:54.859 INFO  热像仪连接成功
19/08/2019 14:21:35.468 INFO  admin登录
19/08/2019 14:21:35.812 INFO  热像仪连接成功
19/08/2019 14:24:25.265 INFO  admin登录
19/08/2019 14:24:25.609 INFO  热像仪连接成功
19/08/2019 14:26:24.578 INFO  admin登录
19/08/2019 14:26:24.953 INFO  热像仪连接成功
19/08/2019 15:53:36.750 INFO  admin登录
19/08/2019 16:20:14.328 INFO  admin登录
19/08/2019 16:20:59.015 INFO  用户操作成功
19/08/2019 16:21:28.578 INFO  删除用户:zcy
19/08/2019 16:21:41.468 INFO  用户操作成功
19/08/2019 16:22:59.156 INFO  admin登录
19/08/2019 16:23:12.031 INFO  用户操作成功
19/08/2019 16:23:30.484 INFO  用户操作成功
19/08/2019 16:23:34.640 INFO  用户操作成功
19/08/2019 16:24:49.796 INFO  admin登录
19/08/2019 16:27:09.468 INFO  admin登录
19/08/2019 16:28:41.390 INFO  admin登录
19/08/2019 16:32:54.734 INFO  admin登录
19/08/2019 16:33:41.921 INFO  admin登录
19/08/2019 16:34:17.390 INFO  admin登录
19/08/2019 16:35:57.984 INFO  admin登录
19/08/2019 16:37:35.281 INFO  admin登录
19/08/2019 16:39:30.296 INFO  admin登录
19/08/2019 16:39:48.109 INFO  用户操作成功
19/08/2019 16:48:00.015 INFO  admin登录
19/08/2019 16:48:36.546 INFO  用户操作成功
19/08/2019 16:49:23.000 INFO  用户操作成功
19/08/2019 16:49:56.171 INFO  wxd登录
19/08/2019 16:50:08.296 INFO  用户操作成功
19/08/2019 16:50:18.156 INFO  用户操作成功
19/08/2019 16:53:40.078 INFO  admin登录
19/08/2019 17:23:09.531 INFO  admin登录
19/08/2019 17:25:37.890 INFO  admin登录
19/08/2019 17:41:45.593 INFO  admin登录
19/08/2019 17:42:39.046 INFO  admin登录
19/08/2019 17:45:56.000 INFO  admin登录
19/08/2019 21:31:12.671 INFO  admin登录
19/08/2019 21:33:55.750 INFO  admin登录
19/08/2019 21:35:59.046 INFO  admin登录
19/08/2019 21:38:42.828 INFO  admin登录
19/08/2019 21:39:42.281 INFO  admin登录
19/08/2019 22:27:23.343 INFO  admin登录
19/08/2019 22:46:09.703 INFO  admin登录
19/08/2019 23:04:24.062 INFO  admin登录
19/08/2019 23:44:18.656 INFO  admin登录
20/08/2019 08:04:24.187 INFO  admin登录
20/08/2019 08:05:07.234 INFO  admin登录
20/08/2019 08:06:10.734 INFO  admin登录
20/08/2019 08:07:36.203 INFO  admin登录
20/08/2019 08:11:40.562 INFO  admin登录
20/08/2019 08:12:23.921 INFO  admin登录
20/08/2019 08:15:05.562 INFO  admin登录
20/08/2019 08:16:53.531 INFO  admin登录
20/08/2019 08:18:05.812 INFO  admin登录
20/08/2019 08:19:53.062 INFO  admin登录
20/08/2019 08:21:01.078 INFO  admin登录
20/08/2019 08:22:02.125 INFO  admin登录
20/08/2019 08:25:19.265 INFO  admin登录
20/08/2019 08:26:15.859 INFO  admin登录
20/08/2019 08:27:38.703 INFO  admin登录
20/08/2019 08:28:31.921 INFO  admin登录
20/08/2019 08:30:03.546 INFO  admin登录
20/08/2019 08:31:11.750 INFO  admin登录
20/08/2019 08:31:55.234 INFO  admin登录
20/08/2019 08:33:39.906 INFO  admin登录
20/08/2019 08:37:01.531 INFO  admin登录
20/08/2019 08:37:53.890 INFO  admin登录
20/08/2019 08:53:14.562 INFO  admin登录
20/08/2019 08:55:04.265 INFO  admin登录
20/08/2019 08:56:02.312 INFO  admin登录
20/08/2019 08:56:53.968 INFO  admin登录
20/08/2019 09:20:50.875 INFO  admin登录
20/08/2019 09:22:28.859 INFO  admin登录
20/08/2019 09:32:59.828 INFO  admin登录
20/08/2019 09:37:47.578 INFO  admin登录
20/08/2019 09:41:17.078 INFO  admin登录
20/08/2019 09:43:41.140 INFO  admin登录
20/08/2019 09:55:03.375 INFO  admin登录
20/08/2019 09:59:44.093 INFO  admin登录
20/08/2019 10:01:29.437 INFO  admin登录
20/08/2019 10:06:40.046 INFO  admin登录
20/08/2019 10:11:10.484 INFO  admin登录
21/08/2019 23:14:23.093 INFO  admin登录
23/08/2019 09:07:53.187 INFO  admin登录
23/08/2019 09:10:57.218 INFO  admin登录
23/08/2019 09:10:57.515 INFO  热像仪连接成功
23/08/2019 09:13:41.890 INFO  admin登录
23/08/2019 09:13:41.250 INFO  热像仪连接成功
23/08/2019 09:15:13.093 INFO  admin登录
23/08/2019 09:15:13.421 INFO  热像仪连接成功
23/08/2019 09:17:47.843 INFO  admin登录
23/08/2019 09:17:47.171 INFO  热像仪连接成功
23/08/2019 09:20:41.140 INFO  admin登录
23/08/2019 09:20:41.484 INFO  热像仪连接成功
23/08/2019 09:23:58.468 INFO  admin登录
23/08/2019 09:23:58.812 INFO  热像仪连接成功
23/08/2019 09:26:58.437 INFO  admin登录
23/08/2019 09:26:58.781 INFO  热像仪连接成功
23/08/2019 09:32:59.625 INFO  admin登录
23/08/2019 09:33:00.968 INFO  热像仪连接成功
23/08/2019 09:42:32.906 INFO  admin登录
23/08/2019 09:42:32.281 INFO  热像仪连接成功
23/08/2019 09:55:10.453 INFO  admin登录
23/08/2019 09:55:11.843 INFO  热像仪连接成功
23/08/2019 10:06:02.937 INFO  admin登录
23/08/2019 10:06:02.328 INFO  热像仪连接成功
23/08/2019 10:06:53.531 INFO  admin登录
23/08/2019 10:06:54.875 INFO  热像仪连接成功
23/08/2019 10:08:10.921 INFO  admin登录
23/08/2019 10:08:10.281 INFO  热像仪连接成功
23/08/2019 10:12:03.468 INFO  admin登录
23/08/2019 10:12:03.812 INFO  热像仪连接成功
23/08/2019 10:14:12.343 INFO  admin登录
23/08/2019 10:14:12.703 INFO  热像仪连接成功
23/08/2019 10:16:10.140 INFO  admin登录
23/08/2019 10:16:10.500 INFO  热像仪连接成功
23/08/2019 10:16:43.703 INFO  admin登录
23/08/2019 10:16:44.078 INFO  热像仪连接成功
23/08/2019 10:20:53.062 INFO  admin登录
23/08/2019 10:20:53.421 INFO  热像仪连接成功
23/08/2019 10:21:19.140 INFO  admin登录
23/08/2019 10:21:19.484 INFO  热像仪连接成功
23/08/2019 10:22:20.125 INFO  admin登录
23/08/2019 10:22:20.468 INFO  热像仪连接成功
23/08/2019 10:22:43.015 INFO  admin登录
23/08/2019 10:22:43.140 INFO  热像仪连接成功
23/08/2019 10:31:22.031 INFO  admin登录
23/08/2019 10:31:22.437 INFO  热像仪连接成功
23/08/2019 10:31:37.734 INFO  admin登录
23/08/2019 10:31:38.875 INFO  热像仪连接成功
23/08/2019 10:46:21.921 INFO  admin登录
23/08/2019 10:48:00.531 INFO  admin登录
23/08/2019 10:48:01.937 INFO  热像仪连接成功
23/08/2019 10:49:08.531 INFO  admin登录
23/08/2019 10:51:13.296 INFO  admin登录
23/08/2019 10:53:33.500 INFO  admin登录
23/08/2019 10:53:34.843 INFO  热像仪连接成功
23/08/2019 10:55:11.140 INFO  admin登录
23/08/2019 10:55:11.484 INFO  热像仪连接成功
23/08/2019 10:55:59.375 INFO  admin登录
23/08/2019 10:55:59.687 INFO  热像仪连接成功
23/08/2019 10:57:28.562 INFO  admin登录
23/08/2019 10:57:29.968 INFO  热像仪连接成功
23/08/2019 10:59:01.609 INFO  admin登录
23/08/2019 10:59:02.031 INFO  热像仪连接成功
23/08/2019 11:05:17.140 INFO  admin登录
23/08/2019 11:05:17.468 INFO  热像仪连接成功
23/08/2019 11:07:46.984 INFO  admin登录
23/08/2019 11:07:46.296 INFO  热像仪连接成功
23/08/2019 11:15:05.671 INFO  admin登录
23/08/2019 11:15:06.109 INFO  热像仪连接成功
23/08/2019 11:22:41.468 INFO  admin登录
23/08/2019 11:22:42.062 INFO  热像仪连接成功
23/08/2019 11:24:30.796 INFO  admin登录
23/08/2019 11:24:31.453 INFO  热像仪连接成功
23/08/2019 11:26:10.796 INFO  admin登录
23/08/2019 11:26:11.484 INFO  热像仪连接成功
23/08/2019 11:30:57.281 INFO  admin登录
23/08/2019 11:30:58.921 INFO  热像仪连接成功
23/08/2019 11:32:15.843 INFO  admin登录
23/08/2019 11:32:15.671 INFO  热像仪连接成功
23/08/2019 11:37:03.125 INFO  admin登录
23/08/2019 11:37:03.765 INFO  热像仪连接成功
23/08/2019 12:01:00.781 INFO  admin登录
23/08/2019 12:01:01.500 INFO  热像仪连接成功
23/08/2019 12:01:37.546 INFO  admin登录
23/08/2019 12:01:38.250 INFO  热像仪连接成功
23/08/2019 12:05:03.640 INFO  admin登录
23/08/2019 12:05:04.234 INFO  热像仪连接成功
23/08/2019 12:09:08.281 INFO  admin登录
23/08/2019 12:09:09.906 INFO  热像仪连接成功
23/08/2019 12:15:58.953 INFO  admin登录
23/08/2019 12:15:58.578 INFO  热像仪连接成功
23/08/2019 12:21:44.343 INFO  admin登录
23/08/2019 12:21:45.906 INFO  热像仪连接成功
23/08/2019 12:25:46.500 INFO  admin登录
23/08/2019 12:25:47.921 INFO  热像仪连接成功
23/08/2019 12:27:58.046 INFO  admin登录
23/08/2019 12:27:58.453 INFO  热像仪连接成功
23/08/2019 12:30:36.125 INFO  admin登录
23/08/2019 12:30:36.578 INFO  热像仪连接成功
23/08/2019 12:31:55.578 INFO  admin登录
23/08/2019 12:31:56.031 INFO  热像仪连接成功
23/08/2019 12:33:33.890 INFO  admin登录
23/08/2019 12:33:33.343 INFO  热像仪连接成功
23/08/2019 13:35:49.296 INFO  admin登录
23/08/2019 13:40:51.968 INFO  admin登录
23/08/2019 13:40:51.265 INFO  热像仪连接成功
23/08/2019 13:51:01.109 INFO  admin登录
23/08/2019 13:51:01.421 INFO  热像仪连接成功
23/08/2019 14:06:03.734 INFO  admin登录
23/08/2019 14:06:04.078 INFO  热像仪连接成功
23/08/2019 14:07:55.328 INFO  admin登录
23/08/2019 14:07:55.671 INFO  热像仪连接成功
23/08/2019 14:11:59.171 INFO  admin登录
23/08/2019 14:11:59.484 INFO  热像仪连接成功
23/08/2019 14:22:01.625 INFO  admin登录
23/08/2019 14:22:02.031 INFO  热像仪连接成功
23/08/2019 14:25:59.593 INFO  admin登录
23/08/2019 14:26:00.921 INFO  热像仪连接成功
23/08/2019 14:27:21.109 INFO  admin登录
23/08/2019 14:27:21.250 INFO  热像仪连接成功
23/08/2019 14:29:03.984 INFO  admin登录
23/08/2019 14:29:03.421 INFO  热像仪连接成功
23/08/2019 14:36:20.640 INFO  admin登录
23/08/2019 14:37:50.937 INFO  admin登录
23/08/2019 14:43:54.234 INFO  admin登录
23/08/2019 14:44:14.453 INFO  admin登录
23/08/2019 16:39:06.453 INFO  admin登录
23/08/2019 19:43:23.312 INFO  admin登录
23/08/2019 19:50:11.640 INFO  admin登录
23/08/2019 19:51:36.046 INFO  admin登录
23/08/2019 19:52:14.953 INFO  admin登录
23/08/2019 19:53:53.593 INFO  admin登录
23/08/2019 19:55:02.500 INFO  admin登录
23/08/2019 19:56:25.265 INFO  admin登录
23/08/2019 20:00:26.109 INFO  admin登录
23/08/2019 20:02:47.531 INFO  admin登录
23/08/2019 20:12:43.593 INFO  admin登录
23/08/2019 20:14:57.546 INFO  admin登录
23/08/2019 20:15:55.093 INFO  admin登录
23/08/2019 20:17:10.593 INFO  admin登录
23/08/2019 20:17:55.343 INFO  admin登录
23/08/2019 20:22:59.046 INFO  admin登录
23/08/2019 20:45:02.046 INFO  admin登录
23/08/2019 20:45:02.343 INFO  热像仪连接成功
23/08/2019 20:53:22.843 INFO  admin登录
23/08/2019 20:53:22.140 INFO  热像仪连接成功
23/08/2019 20:59:20.453 INFO  admin登录
23/08/2019 20:59:20.734 INFO  热像仪连接成功
23/08/2019 21:25:12.500 INFO  admin登录
23/08/2019 21:25:13.906 INFO  热像仪连接成功
27/08/2019 09:44:18.859 INFO  admin登录
27/08/2019 09:50:58.000 INFO  admin登录
27/08/2019 09:51:41.375 INFO  admin登录
27/08/2019 09:53:45.765 INFO  admin登录
27/08/2019 09:54:39.562 INFO  admin登录
27/08/2019 09:54:39.687 INFO  热像仪连接成功
27/08/2019 09:55:58.093 INFO  admin登录
27/08/2019 09:55:59.390 INFO  热像仪连接成功
27/08/2019 09:59:41.734 INFO  admin登录
27/08/2019 09:59:41.031 INFO  热像仪连接成功
06/09/2019 18:43:04.265 INFO  admin登录
06/09/2019 18:55:18.640 INFO  admin登录
06/09/2019 18:55:43.609 INFO  admin登录
06/09/2019 18:58:03.500 INFO  admin登录
06/09/2019 20:53:50.234 INFO  admin登录
12/09/2019 11:25:36.828 INFO  admin登录
12/09/2019 11:27:19.640 INFO  admin登录
12/09/2019 11:29:53.343 INFO  admin登录
12/09/2019 11:30:50.093 INFO  admin登录
12/09/2019 11:30:51.390 INFO  热像仪连接成功
12/09/2019 11:35:31.906 INFO  admin登录
12/09/2019 11:35:31.218 INFO  热像仪连接成功
12/09/2019 11:36:41.859 INFO  admin登录
12/09/2019 11:36:41.156 INFO  热像仪连接成功
12/09/2019 11:39:15.078 INFO  admin登录
12/09/2019 11:39:16.375 INFO  热像仪连接成功
12/09/2019 11:40:27.828 INFO  admin登录
12/09/2019 11:40:27.125 INFO  热像仪连接成功
12/09/2019 11:47:39.000 INFO  admin登录
12/09/2019 11:47:39.265 INFO  热像仪连接成功
12/09/2019 11:49:25.984 INFO  admin登录
12/09/2019 11:49:25.250 INFO  热像仪连接成功
12/09/2019 11:50:54.296 INFO  admin登录
12/09/2019 11:50:54.562 INFO  热像仪连接成功
12/09/2019 11:53:43.031 INFO  admin登录
12/09/2019 11:53:44.328 INFO  热像仪连接成功
12/09/2019 11:56:08.843 INFO  admin登录
12/09/2019 11:56:08.187 INFO  热像仪连接成功
12/09/2019 12:47:36.218 INFO  admin登录
12/09/2019 12:47:37.515 INFO  热像仪连接成功
12/09/2019 12:49:16.171 INFO  admin登录
12/09/2019 12:49:17.453 INFO  热像仪连接成功
12/09/2019 12:52:57.390 INFO  admin登录
12/09/2019 12:52:57.703 INFO  热像仪连接成功
12/09/2019 12:54:51.140 INFO  admin登录
12/09/2019 12:54:52.453 INFO  热像仪连接成功
12/09/2019 12:56:44.656 INFO  admin登录
12/09/2019 12:56:44.953 INFO  热像仪连接成功
12/09/2019 12:58:24.968 INFO  admin登录
12/09/2019 12:58:24.281 INFO  热像仪连接成功
12/09/2019 13:01:13.812 INFO  admin登录
12/09/2019 13:01:13.125 INFO  热像仪连接成功
12/09/2019 13:02:59.562 INFO  admin登录
12/09/2019 13:02:59.875 INFO  热像仪连接成功
12/09/2019 13:41:22.531 INFO  admin登录
12/09/2019 13:41:22.796 INFO  热像仪连接成功
12/09/2019 13:58:43.109 INFO  admin登录
12/09/2019 13:58:44.406 INFO  热像仪连接成功
12/09/2019 14:01:59.328 INFO  admin登录
12/09/2019 14:01:59.609 INFO  热像仪连接成功
12/09/2019 14:02:39.015 INFO  admin登录
12/09/2019 14:02:40.296 INFO  热像仪连接成功
12/09/2019 14:16:33.687 INFO  admin登录
12/09/2019 14:23:02.937 INFO  admin登录
12/09/2019 14:23:03.312 INFO  热像仪连接成功
12/09/2019 14:25:57.265 INFO  admin登录
12/09/2019 14:25:58.640 INFO  热像仪连接成功
12/09/2019 14:31:32.859 INFO  admin登录
12/09/2019 14:31:32.140 INFO  热像仪连接成功
12/09/2019 14:33:17.687 INFO  admin登录
12/09/2019 14:33:17.015 INFO  热像仪连接成功
12/09/2019 14:34:36.812 INFO  admin登录
12/09/2019 14:34:36.140 INFO  热像仪连接成功
12/09/2019 14:45:04.390 INFO  admin登录
12/09/2019 14:45:04.687 INFO  热像仪连接成功
12/09/2019 14:48:21.437 INFO  admin登录
12/09/2019 14:48:21.718 INFO  热像仪连接成功
12/09/2019 21:34:39.343 INFO  admin登录
12/09/2019 21:34:39.703 INFO  热像仪连接成功
12/09/2019 21:35:45.375 INFO  admin登录
12/09/2019 21:35:45.656 INFO  热像仪连接成功
12/09/2019 21:36:58.296 INFO  admin登录
12/09/2019 21:36:58.593 INFO  热像仪连接成功
12/09/2019 21:37:16.187 INFO  admin登录
12/09/2019 21:37:17.484 INFO  热像仪连接成功
12/09/2019 21:38:17.968 INFO  admin登录
12/09/2019 21:38:17.265 INFO  热像仪连接成功
12/09/2019 21:38:39.625 INFO  admin登录
12/09/2019 21:38:39.937 INFO  热像仪连接成功
12/09/2019 21:43:16.875 INFO  admin登录
12/09/2019 21:43:16.234 INFO  热像仪连接成功
12/09/2019 21:44:48.421 INFO  admin登录
12/09/2019 21:44:48.734 INFO  热像仪连接成功
12/09/2019 21:48:30.312 INFO  admin登录
12/09/2019 21:48:30.593 INFO  热像仪连接成功
12/09/2019 21:57:22.187 INFO  admin登录
12/09/2019 21:57:23.484 INFO  热像仪连接成功
12/09/2019 21:58:36.328 INFO  admin登录
12/09/2019 21:58:36.625 INFO  热像仪连接成功
12/09/2019 22:02:55.734 INFO  admin登录
12/09/2019 22:02:55.031 INFO  热像仪连接成功
12/09/2019 22:08:06.078 INFO  admin登录
12/09/2019 22:08:07.453 INFO  热像仪连接成功
12/09/2019 22:09:11.953 INFO  admin登录
12/09/2019 22:09:11.265 INFO  热像仪连接成功
12/09/2019 22:10:40.812 INFO  admin登录
12/09/2019 22:10:40.109 INFO  热像仪连接成功
12/09/2019 22:13:39.203 INFO  admin登录
12/09/2019 22:13:40.484 INFO  热像仪连接成功
12/09/2019 22:16:10.437 INFO  admin登录
12/09/2019 22:16:10.734 INFO  热像仪连接成功
12/09/2019 22:18:45.375 INFO  admin登录
12/09/2019 22:18:45.718 INFO  热像仪连接成功
12/09/2019 22:21:10.312 INFO  admin登录
12/09/2019 22:21:10.640 INFO  热像仪连接成功
12/09/2019 22:22:41.015 INFO  admin登录
12/09/2019 22:22:42.343 INFO  热像仪连接成功
12/09/2019 23:07:42.156 INFO  admin登录
12/09/2019 23:07:43.500 INFO  热像仪连接成功
12/09/2019 23:10:15.921 INFO  admin登录
12/09/2019 23:10:15.156 INFO  热像仪连接成功
12/09/2019 23:11:37.281 INFO  admin登录
12/09/2019 23:11:38.515 INFO  热像仪连接成功
12/09/2019 23:12:40.687 INFO  admin登录
12/09/2019 23:12:40.921 INFO  热像仪连接成功
12/09/2019 23:13:44.312 INFO  admin登录
12/09/2019 23:13:44.578 INFO  热像仪连接成功
12/09/2019 23:14:28.500 INFO  admin登录
12/09/2019 23:14:28.781 INFO  热像仪连接成功
12/09/2019 23:16:12.125 INFO  admin登录
12/09/2019 23:16:13.406 INFO  热像仪连接成功
12/09/2019 23:26:00.703 INFO  admin登录
12/09/2019 23:26:00.000 INFO  热像仪连接成功
12/09/2019 23:28:13.859 INFO  admin登录
12/09/2019 23:28:13.156 INFO  热像仪连接成功
12/09/2019 23:32:18.828 INFO  admin登录
12/09/2019 23:32:18.109 INFO  热像仪连接成功
12/09/2019 23:38:07.343 INFO  admin登录
12/09/2019 23:38:07.625 INFO  热像仪连接成功
12/09/2019 23:39:19.937 INFO  admin登录
12/09/2019 23:39:19.250 INFO  热像仪连接成功
13/09/2019 15:06:31.437 INFO  admin登录
13/09/2019 15:06:31.781 INFO  热像仪连接成功
13/09/2019 15:08:19.328 INFO  admin登录
13/09/2019 15:08:19.609 INFO  热像仪连接成功
13/09/2019 15:10:10.921 INFO  admin登录
13/09/2019 15:10:10.234 INFO  热像仪连接成功
13/09/2019 15:11:14.484 INFO  admin登录
13/09/2019 15:11:14.796 INFO  热像仪连接成功
13/09/2019 15:13:38.781 INFO  admin登录
13/09/2019 15:13:39.093 INFO  热像仪连接成功
13/09/2019 15:16:48.859 INFO  admin登录
13/09/2019 15:16:49.171 INFO  热像仪连接成功
13/09/2019 15:18:56.218 INFO  admin登录
13/09/2019 15:18:56.531 INFO  热像仪连接成功
13/09/2019 15:19:47.203 INFO  admin登录
13/09/2019 15:19:47.531 INFO  热像仪连接成功
13/09/2019 15:23:08.359 INFO  admin登录
13/09/2019 15:23:08.687 INFO  热像仪连接成功
13/09/2019 15:33:25.171 INFO  admin登录
13/09/2019 15:33:25.468 INFO  热像仪连接成功
13/09/2019 15:37:50.640 INFO  admin登录
13/09/2019 15:37:51.968 INFO  热像仪连接成功
13/09/2019 15:41:27.937 INFO  admin登录
13/09/2019 15:41:27.234 INFO  热像仪连接成功
13/09/2019 22:19:50.546 INFO  admin登录
13/09/2019 22:21:01.062 INFO  admin登录
13/09/2019 22:21:01.359 INFO  热像仪连接成功
13/09/2019 22:22:12.343 INFO  admin登录
13/09/2019 22:22:12.671 INFO  热像仪连接成功
13/09/2019 22:24:36.078 INFO  admin登录
13/09/2019 22:24:36.406 INFO  热像仪连接成功
13/09/2019 22:29:33.000 INFO  admin登录
13/09/2019 22:29:33.312 INFO  热像仪连接成功
13/09/2019 22:31:26.640 INFO  admin登录
13/09/2019 22:31:27.984 INFO  热像仪连接成功
13/09/2019 22:33:59.500 INFO  admin登录
13/09/2019 22:33:59.812 INFO  热像仪连接成功
13/09/2019 22:34:35.281 INFO  admin登录
13/09/2019 22:34:35.609 INFO  热像仪连接成功
13/09/2019 22:36:42.312 INFO  admin登录
13/09/2019 22:36:42.625 INFO  热像仪连接成功
13/09/2019 22:42:05.562 INFO  admin登录
13/09/2019 22:42:05.890 INFO  热像仪连接成功
13/09/2019 22:44:32.296 INFO  admin登录
13/09/2019 22:44:32.609 INFO  热像仪连接成功
13/09/2019 22:46:59.390 INFO  admin登录
13/09/2019 22:46:59.734 INFO  热像仪连接成功
13/09/2019 22:48:34.625 INFO  admin登录
13/09/2019 22:48:35.968 INFO  热像仪连接成功
13/09/2019 22:51:38.671 INFO  admin登录
13/09/2019 22:51:39.000 INFO  热像仪连接成功
13/09/2019 22:53:17.156 INFO  admin登录
13/09/2019 22:53:17.500 INFO  热像仪连接成功
13/09/2019 23:00:16.828 INFO  admin登录
13/09/2019 23:00:17.187 INFO  热像仪连接成功
13/09/2019 23:03:36.359 INFO  admin登录
13/09/2019 23:03:36.750 INFO  热像仪连接成功
13/09/2019 23:11:29.687 INFO  admin登录
13/09/2019 23:11:30.046 INFO  热像仪连接成功
13/09/2019 23:13:38.328 INFO  admin登录
13/09/2019 23:13:38.687 INFO  热像仪连接成功
13/09/2019 23:16:24.640 INFO  admin登录
13/09/2019 23:16:25.031 INFO  热像仪连接成功
13/09/2019 23:29:55.390 INFO  admin登录
13/09/2019 23:29:55.718 INFO  热像仪连接成功
13/09/2019 23:30:38.609 INFO  admin登录
13/09/2019 23:30:39.968 INFO  热像仪连接成功
13/09/2019 23:31:44.468 INFO  admin登录
13/09/2019 23:31:44.796 INFO  热像仪连接成功
14/09/2019 13:48:19.968 INFO  admin登录
14/09/2019 13:49:53.000 INFO  admin登录
14/09/2019 13:49:53.343 INFO  热像仪连接成功
14/09/2019 13:51:52.000 INFO  admin登录
14/09/2019 13:51:52.296 INFO  热像仪连接成功
14/09/2019 13:53:08.375 INFO  admin登录
14/09/2019 13:53:08.671 INFO  热像仪连接成功
14/09/2019 13:59:18.187 INFO  admin登录
14/09/2019 13:59:18.515 INFO  热像仪连接成功
14/09/2019 14:02:52.796 INFO  admin登录
14/09/2019 14:02:53.140 INFO  热像仪连接成功
14/09/2019 14:03:34.187 INFO  admin登录
14/09/2019 14:03:34.484 INFO  热像仪连接成功
14/09/2019 14:05:08.250 INFO  admin登录
14/09/2019 14:05:08.593 INFO  热像仪连接成功
14/09/2019 14:06:12.453 INFO  admin登录
14/09/2019 14:06:12.750 INFO  热像仪连接成功
14/09/2019 14:07:33.968 INFO  admin登录
14/09/2019 14:07:33.265 INFO  热像仪连接成功
14/09/2019 14:09:31.515 INFO  admin登录
14/09/2019 14:09:31.796 INFO  热像仪连接成功
14/09/2019 14:10:23.484 INFO  admin登录
14/09/2019 14:10:23.765 INFO  热像仪连接成功
14/09/2019 14:12:12.281 INFO  admin登录
14/09/2019 14:12:12.578 INFO  热像仪连接成功
14/09/2019 14:14:13.062 INFO  admin登录
14/09/2019 14:14:13.359 INFO  热像仪连接成功
14/09/2019 14:15:05.609 INFO  admin登录
14/09/2019 14:15:05.906 INFO  热像仪连接成功
14/09/2019 14:16:42.218 INFO  admin登录
14/09/2019 14:16:42.500 INFO  热像仪连接成功
14/09/2019 14:17:33.500 INFO  admin登录
14/09/2019 14:17:33.781 INFO  热像仪连接成功
14/09/2019 14:18:16.015 INFO  admin登录
14/09/2019 14:18:16.312 INFO  热像仪连接成功
14/09/2019 14:19:14.046 INFO  admin登录
14/09/2019 14:19:14.328 INFO  热像仪连接成功
14/09/2019 14:20:18.187 INFO  admin登录
14/09/2019 14:20:18.515 INFO  热像仪连接成功
14/09/2019 14:20:53.906 INFO  admin登录
14/09/2019 14:20:54.203 INFO  热像仪连接成功
14/09/2019 14:21:56.406 INFO  admin登录
14/09/2019 14:21:56.906 INFO  热像仪连接成功
14/09/2019 14:25:53.015 INFO  admin登录
14/09/2019 14:25:53.296 INFO  热像仪连接成功
14/09/2019 14:28:58.031 INFO  admin登录
14/09/2019 14:28:58.359 INFO  热像仪连接成功
14/09/2019 14:29:45.468 INFO  admin登录
14/09/2019 14:29:45.796 INFO  热像仪连接成功
14/09/2019 14:33:05.953 INFO  admin登录
14/09/2019 14:33:05.250 INFO  热像仪连接成功
14/09/2019 14:34:24.375 INFO  admin登录
14/09/2019 14:34:24.671 INFO  热像仪连接成功
14/09/2019 14:36:01.328 INFO  admin登录
14/09/2019 14:36:01.625 INFO  热像仪连接成功
14/09/2019 14:36:54.609 INFO  admin登录
14/09/2019 14:36:55.921 INFO  热像仪连接成功
14/09/2019 14:41:11.718 INFO  admin登录
14/09/2019 14:41:12.015 INFO  热像仪连接成功
14/09/2019 14:42:06.390 INFO  admin登录
14/09/2019 14:42:06.718 INFO  热像仪连接成功
14/09/2019 14:46:40.843 INFO  admin登录
14/09/2019 14:46:41.125 INFO  热像仪连接成功
14/09/2019 14:47:44.859 INFO  admin登录
14/09/2019 14:47:45.140 INFO  热像仪连接成功
14/09/2019 14:48:47.484 INFO  admin登录
14/09/2019 14:48:47.765 INFO  热像仪连接成功
14/09/2019 14:49:19.843 INFO  admin登录
14/09/2019 14:49:20.140 INFO  热像仪连接成功
14/09/2019 14:49:57.406 INFO  admin登录
14/09/2019 14:49:57.687 INFO  热像仪连接成功
14/09/2019 14:51:06.953 INFO  admin登录
14/09/2019 14:51:06.234 INFO  热像仪连接成功
14/09/2019 14:51:57.968 INFO  admin登录
14/09/2019 14:51:57.281 INFO  热像仪连接成功
14/09/2019 14:53:32.406 INFO  admin登录
14/09/2019 14:53:32.703 INFO  热像仪连接成功
14/09/2019 14:54:25.578 INFO  admin登录
14/09/2019 14:54:25.890 INFO  热像仪连接成功
14/09/2019 14:56:06.328 INFO  admin登录
14/09/2019 14:56:06.609 INFO  热像仪连接成功
14/09/2019 14:57:00.796 INFO  admin登录
14/09/2019 14:57:01.093 INFO  热像仪连接成功
14/09/2019 14:58:08.234 INFO  admin登录
14/09/2019 14:58:08.578 INFO  热像仪连接成功
14/09/2019 14:59:58.921 INFO  admin登录
14/09/2019 14:59:58.250 INFO  热像仪连接成功
14/09/2019 15:00:49.640 INFO  admin登录
14/09/2019 15:00:50.937 INFO  热像仪连接成功
14/09/2019 15:01:56.859 INFO  admin登录
14/09/2019 15:01:57.171 INFO  热像仪连接成功
14/09/2019 15:02:35.734 INFO  admin登录
14/09/2019 15:02:36.046 INFO  热像仪连接成功
14/09/2019 15:04:30.078 INFO  admin登录
14/09/2019 15:04:30.375 INFO  热像仪连接成功
14/09/2019 15:06:19.765 INFO  admin登录
14/09/2019 15:06:20.046 INFO  热像仪连接成功
14/09/2019 15:08:31.203 INFO  admin登录
14/09/2019 15:08:31.515 INFO  热像仪连接成功
14/09/2019 15:18:08.359 INFO  admin登录
14/09/2019 15:18:08.671 INFO  热像仪连接成功
14/09/2019 15:21:58.953 INFO  admin登录
14/09/2019 15:21:58.234 INFO  热像仪连接成功
14/09/2019 15:25:20.093 INFO  admin登录
14/09/2019 15:25:20.375 INFO  热像仪连接成功
14/09/2019 15:29:23.734 INFO  admin登录
14/09/2019 15:29:24.031 INFO  热像仪连接成功
14/09/2019 15:30:53.890 INFO  admin登录
14/09/2019 15:30:54.171 INFO  热像仪连接成功
14/09/2019 15:33:07.890 INFO  admin登录
14/09/2019 15:33:08.171 INFO  热像仪连接成功
15/09/2019 08:43:55.031 INFO  admin登录
15/09/2019 08:43:55.375 INFO  热像仪连接成功
15/09/2019 08:50:10.890 INFO  admin登录
15/09/2019 08:50:11.171 INFO  热像仪连接成功
15/09/2019 08:55:39.546 INFO  admin登录
15/09/2019 08:55:39.812 INFO  热像仪连接成功
15/09/2019 09:14:44.859 INFO  admin登录
15/09/2019 09:14:45.312 INFO  热像仪连接成功
15/09/2019 09:17:43.453 INFO  admin登录
15/09/2019 09:17:43.750 INFO  热像仪连接成功
15/09/2019 09:19:03.515 INFO  admin登录
15/09/2019 09:19:03.796 INFO  热像仪连接成功
15/09/2019 10:17:07.312 INFO  admin登录
15/09/2019 10:17:07.609 INFO  热像仪连接成功
15/09/2019 10:20:59.125 INFO  admin登录
15/09/2019 10:20:59.406 INFO  热像仪连接成功
15/09/2019 10:23:21.796 INFO  admin登录
15/09/2019 10:23:22.078 INFO  热像仪连接成功
15/09/2019 10:28:30.968 INFO  admin登录
15/09/2019 10:28:30.281 INFO  热像仪连接成功
15/09/2019 10:32:30.375 INFO  admin登录
15/09/2019 10:32:30.687 INFO  热像仪连接成功
15/09/2019 10:34:37.140 INFO  admin登录
15/09/2019 10:34:37.453 INFO  热像仪连接成功
15/09/2019 10:56:15.828 INFO  admin登录
15/09/2019 10:56:16.125 INFO  热像仪连接成功
15/09/2019 10:57:22.421 INFO  admin登录
15/09/2019 10:57:22.718 INFO  热像仪连接成功
15/09/2019 10:58:23.687 INFO  admin登录
15/09/2019 10:58:24.000 INFO  热像仪连接成功
15/09/2019 11:01:55.031 INFO  admin登录
15/09/2019 11:01:55.359 INFO  热像仪连接成功
15/09/2019 11:03:27.671 INFO  admin登录
15/09/2019 11:03:28.125 INFO  热像仪连接成功
15/09/2019 11:07:11.000 INFO  admin登录
15/09/2019 11:07:11.296 INFO  热像仪连接成功
15/09/2019 11:09:55.187 INFO  admin登录
15/09/2019 11:09:55.531 INFO  热像仪连接成功
15/09/2019 11:16:42.937 INFO  admin登录
15/09/2019 11:16:42.250 INFO  热像仪连接成功
15/09/2019 11:20:07.937 INFO  admin登录
15/09/2019 11:20:07.250 INFO  热像仪连接成功
15/09/2019 11:23:53.234 INFO  admin登录
15/09/2019 11:23:53.531 INFO  热像仪连接成功
15/09/2019 11:25:08.703 INFO  admin登录
15/09/2019 11:25:09.015 INFO  热像仪连接成功
15/09/2019 11:27:06.515 INFO  admin登录
15/09/2019 11:27:06.828 INFO  热像仪连接成功
15/09/2019 11:31:41.656 INFO  admin登录
15/09/2019 11:31:42.953 INFO  热像仪连接成功
15/09/2019 11:37:04.000 INFO  admin登录
15/09/2019 11:37:04.281 INFO  热像仪连接成功
15/09/2019 11:37:58.671 INFO  admin登录
15/09/2019 11:37:59.953 INFO  热像仪连接成功
15/09/2019 11:39:51.328 INFO  admin登录
15/09/2019 11:39:51.593 INFO  热像仪连接成功
15/09/2019 11:42:51.828 INFO  admin登录
15/09/2019 11:42:52.093 INFO  热像仪连接成功
15/09/2019 11:44:07.703 INFO  admin登录
15/09/2019 11:44:08.000 INFO  热像仪连接成功
15/09/2019 11:45:54.437 INFO  admin登录
15/09/2019 11:45:54.765 INFO  热像仪连接成功
15/09/2019 11:48:14.875 INFO  admin登录
15/09/2019 11:48:15.156 INFO  热像仪连接成功
15/09/2019 11:49:09.390 INFO  admin登录
15/09/2019 11:49:09.671 INFO  热像仪连接成功
15/09/2019 12:03:25.828 INFO  admin登录
15/09/2019 12:03:26.062 INFO  热像仪连接成功
15/09/2019 12:05:36.656 INFO  admin登录
15/09/2019 12:05:37.031 INFO  热像仪连接成功
15/09/2019 12:07:30.796 INFO  admin登录
15/09/2019 12:07:31.125 INFO  热像仪连接成功
15/09/2019 12:09:48.484 INFO  admin登录
15/09/2019 12:09:48.765 INFO  热像仪连接成功
15/09/2019 12:23:07.328 INFO  admin登录
15/09/2019 12:23:07.578 INFO  热像仪连接成功
15/09/2019 12:26:45.437 INFO  admin登录
15/09/2019 12:26:45.703 INFO  热像仪连接成功
15/09/2019 12:33:17.187 INFO  admin登录
15/09/2019 12:33:17.500 INFO  热像仪连接成功
15/09/2019 12:33:57.531 INFO  admin登录
15/09/2019 12:33:58.968 INFO  热像仪连接成功
15/09/2019 12:35:21.250 INFO  admin登录
15/09/2019 12:35:21.578 INFO  热像仪连接成功
15/09/2019 12:39:37.265 INFO  admin登录
15/09/2019 12:39:37.578 INFO  热像仪连接成功
15/09/2019 12:43:47.203 INFO  admin登录
15/09/2019 12:43:47.500 INFO  热像仪连接成功
15/09/2019 12:49:05.578 INFO  admin登录
15/09/2019 12:49:05.890 INFO  热像仪连接成功
15/09/2019 12:49:59.453 INFO  admin登录
15/09/2019 12:49:59.765 INFO  热像仪连接成功
15/09/2019 12:55:05.859 INFO  admin登录
15/09/2019 12:55:06.140 INFO  热像仪连接成功
15/09/2019 13:30:19.125 INFO  admin登录
15/09/2019 13:30:19.468 INFO  热像仪连接成功
15/09/2019 13:34:25.187 INFO  admin登录
15/09/2019 13:34:25.484 INFO  热像仪连接成功
15/09/2019 13:35:35.531 INFO  admin登录
15/09/2019 13:35:36.812 INFO  热像仪连接成功
15/09/2019 13:36:06.921 INFO  admin登录
15/09/2019 13:36:06.203 INFO  热像仪连接成功
15/09/2019 14:29:02.562 INFO  admin登录
15/09/2019 14:29:03.937 INFO  热像仪连接成功
15/09/2019 14:29:31.140 INFO  admin登录
15/09/2019 14:29:31.406 INFO  热像仪连接成功
15/09/2019 14:32:21.953 INFO  admin登录
15/09/2019 14:32:21.250 INFO  热像仪连接成功
15/09/2019 14:34:52.109 INFO  admin登录
15/09/2019 14:34:52.390 INFO  热像仪连接成功
15/09/2019 14:35:25.609 INFO  admin登录
15/09/2019 14:35:26.906 INFO  热像仪连接成功
15/09/2019 14:38:01.468 INFO  admin登录
15/09/2019 14:38:02.765 INFO  热像仪连接成功
15/09/2019 14:53:21.812 INFO  admin登录
15/09/2019 14:53:21.203 INFO  热像仪连接成功
15/09/2019 14:55:58.593 INFO  admin登录
15/09/2019 14:55:59.859 INFO  热像仪连接成功
15/09/2019 14:59:30.843 INFO  admin登录
15/09/2019 14:59:30.109 INFO  热像仪连接成功
15/09/2019 15:04:19.218 INFO  admin登录
15/09/2019 15:04:19.484 INFO  热像仪连接成功
15/09/2019 15:05:17.312 INFO  admin登录
15/09/2019 15:05:17.593 INFO  热像仪连接成功
15/09/2019 15:06:27.625 INFO  admin登录
15/09/2019 15:06:28.906 INFO  热像仪连接成功
15/09/2019 15:09:29.109 INFO  admin登录
15/09/2019 15:09:37.359 INFO  热像仪连接成功
15/09/2019 15:11:26.140 INFO  admin登录
15/09/2019 15:11:26.390 INFO  热像仪连接成功
15/09/2019 15:12:07.140 INFO  admin登录
15/09/2019 15:12:07.421 INFO  热像仪连接成功
15/09/2019 15:16:02.515 INFO  admin登录
15/09/2019 15:16:03.812 INFO  热像仪连接成功
15/09/2019 15:16:51.718 INFO  admin登录
15/09/2019 15:16:51.015 INFO  热像仪连接成功
15/09/2019 15:17:30.156 INFO  admin登录
15/09/2019 15:17:30.500 INFO  热像仪连接成功
15/09/2019 15:19:50.890 INFO  admin登录
15/09/2019 15:19:50.203 INFO  热像仪连接成功
15/09/2019 15:24:52.265 INFO  admin登录
15/09/2019 15:24:52.593 INFO  热像仪连接成功
15/09/2019 15:28:21.406 INFO  admin登录
15/09/2019 15:28:22.687 INFO  热像仪连接成功
15/09/2019 15:28:49.031 INFO  admin登录
15/09/2019 15:28:49.343 INFO  热像仪连接成功
15/09/2019 15:29:20.984 INFO  admin登录
15/09/2019 15:29:20.328 INFO  热像仪连接成功
15/09/2019 15:32:05.687 INFO  admin登录
15/09/2019 15:32:05.015 INFO  热像仪连接成功
15/09/2019 15:33:39.765 INFO  admin登录
15/09/2019 15:33:39.093 INFO  热像仪连接成功
15/09/2019 15:36:52.109 INFO  admin登录
15/09/2019 15:36:52.390 INFO  热像仪连接成功
15/09/2019 15:39:17.453 INFO  admin登录
15/09/2019 15:39:18.750 INFO  热像仪连接成功
15/09/2019 15:40:05.406 INFO  admin登录
15/09/2019 15:42:55.109 INFO  热像仪连接成功
15/09/2019 15:45:18.390 INFO  admin登录
15/09/2019 15:45:19.687 INFO  热像仪连接成功
15/09/2019 15:49:56.921 INFO  admin登录
15/09/2019 15:51:29.187 INFO  热像仪连接成功
15/09/2019 15:57:43.234 INFO  admin登录
15/09/2019 15:57:51.203 INFO  热像仪连接成功
15/09/2019 16:00:21.875 INFO  admin登录
15/09/2019 16:00:21.171 INFO  热像仪连接成功
15/09/2019 16:04:55.765 INFO  admin登录
15/09/2019 16:04:55.031 INFO  热像仪连接成功
15/09/2019 16:05:35.937 INFO  admin登录
15/09/2019 16:05:35.203 INFO  热像仪连接成功
15/09/2019 16:13:46.687 INFO  admin登录
15/09/2019 16:13:46.968 INFO  热像仪连接成功
15/09/2019 16:14:19.703 INFO  admin登录
15/09/2019 16:14:19.000 INFO  热像仪连接成功
15/09/2019 16:14:45.140 INFO  admin登录
15/09/2019 16:14:45.453 INFO  热像仪连接成功
15/09/2019 16:15:44.312 INFO  admin登录
15/09/2019 16:15:44.625 INFO  热像仪连接成功
15/09/2019 16:16:16.531 INFO  admin登录
15/09/2019 16:16:17.843 INFO  热像仪连接成功
15/09/2019 16:18:28.625 INFO  admin登录
15/09/2019 16:18:29.890 INFO  热像仪连接成功
15/09/2019 16:18:59.218 INFO  admin登录
15/09/2019 16:18:59.515 INFO  热像仪连接成功
15/09/2019 16:21:39.906 INFO  admin登录
15/09/2019 16:21:39.171 INFO  热像仪连接成功
15/09/2019 16:23:11.375 INFO  admin登录
15/09/2019 16:23:12.671 INFO  热像仪连接成功
15/09/2019 16:23:55.593 INFO  admin登录
15/09/2019 16:23:56.859 INFO  热像仪连接成功
15/09/2019 16:25:47.468 INFO  admin登录
15/09/2019 16:25:48.750 INFO  热像仪连接成功
15/09/2019 16:28:58.531 INFO  admin登录
15/09/2019 16:28:59.812 INFO  热像仪连接成功
15/09/2019 16:31:54.937 INFO  admin登录
15/09/2019 16:31:54.250 INFO  热像仪连接成功
15/09/2019 16:32:34.515 INFO  admin登录
15/09/2019 16:32:35.812 INFO  热像仪连接成功
15/09/2019 16:34:17.781 INFO  admin登录
15/09/2019 16:34:17.062 INFO  热像仪连接成功
15/09/2019 16:39:39.343 INFO  admin登录
15/09/2019 16:39:39.609 INFO  热像仪连接成功
15/09/2019 16:40:28.843 INFO  admin登录
15/09/2019 16:40:28.125 INFO  热像仪连接成功
15/09/2019 16:42:24.312 INFO  admin登录
15/09/2019 16:42:24.593 INFO  热像仪连接成功
15/09/2019 16:45:29.265 INFO  admin登录
15/09/2019 16:45:29.578 INFO  热像仪连接成功
15/09/2019 16:46:23.031 INFO  admin登录
15/09/2019 16:46:23.343 INFO  热像仪连接成功
15/09/2019 16:48:35.250 INFO  admin登录
15/09/2019 16:48:39.625 INFO  热像仪连接成功
15/09/2019 16:51:42.812 INFO  admin登录
15/09/2019 16:51:42.093 INFO  热像仪连接成功
15/09/2019 16:52:43.890 INFO  admin登录
15/09/2019 16:52:43.171 INFO  热像仪连接成功
15/09/2019 16:55:08.484 INFO  admin登录
15/09/2019 16:55:09.781 INFO  热像仪连接成功
15/09/2019 17:10:31.000 INFO  admin登录
15/09/2019 17:10:31.531 INFO  热像仪连接成功
15/09/2019 17:12:23.062 INFO  admin登录
15/09/2019 17:12:23.343 INFO  热像仪连接成功
15/09/2019 17:15:03.875 INFO  admin登录
15/09/2019 17:15:03.343 INFO  热像仪连接成功
15/09/2019 17:19:20.093 INFO  admin登录
15/09/2019 17:19:20.484 INFO  热像仪连接成功
15/09/2019 17:20:32.562 INFO  admin登录
15/09/2019 17:26:13.062 INFO  admin登录
15/09/2019 17:27:15.625 INFO  admin登录
15/09/2019 17:27:16.000 INFO  热像仪连接成功
15/09/2019 17:29:43.484 INFO  admin登录
15/09/2019 17:29:44.843 INFO  热像仪连接成功
15/09/2019 17:54:45.062 INFO  admin登录
15/09/2019 17:54:45.437 INFO  热像仪连接成功
15/09/2019 17:57:45.296 INFO  admin登录
15/09/2019 17:57:45.656 INFO  热像仪连接成功
15/09/2019 18:01:27.828 INFO  admin登录
15/09/2019 18:01:27.187 INFO  热像仪连接成功
15/09/2019 18:02:08.093 INFO  admin登录
15/09/2019 18:02:08.453 INFO  热像仪连接成功
15/09/2019 18:17:14.875 INFO  admin登录
15/09/2019 18:17:14.250 INFO  热像仪连接成功
15/09/2019 18:18:56.078 INFO  admin登录
15/09/2019 18:18:56.484 INFO  热像仪连接成功
15/09/2019 18:22:30.828 INFO  admin登录
15/09/2019 18:22:30.156 INFO  热像仪连接成功
15/09/2019 18:25:16.031 INFO  admin登录
15/09/2019 18:25:16.343 INFO  热像仪连接成功
15/09/2019 18:29:19.156 INFO  admin登录
15/09/2019 18:29:19.546 INFO  热像仪连接成功
15/09/2019 18:38:00.656 INFO  admin登录
15/09/2019 18:38:01.031 INFO  热像仪连接成功
15/09/2019 19:20:31.171 INFO  admin登录
15/09/2019 19:20:31.468 INFO  热像仪连接成功
15/09/2019 21:10:10.906 INFO  admin登录
15/09/2019 21:10:10.312 INFO  热像仪连接成功
15/09/2019 21:11:15.140 INFO  admin登录
15/09/2019 21:11:16.859 INFO  热像仪连接成功
15/09/2019 21:17:56.500 INFO  admin登录
15/09/2019 21:17:57.859 INFO  热像仪连接成功
15/09/2019 21:19:46.687 INFO  admin登录
15/09/2019 21:19:46.000 INFO  热像仪连接成功
15/09/2019 21:29:10.796 INFO  admin登录
15/09/2019 21:29:10.125 INFO  热像仪连接成功
15/09/2019 21:31:37.593 INFO  admin登录
15/09/2019 21:31:38.937 INFO  热像仪连接成功
15/09/2019 21:35:23.281 INFO  admin登录
15/09/2019 21:35:23.640 INFO  热像仪连接成功
15/09/2019 21:36:13.546 INFO  admin登录
15/09/2019 21:36:14.859 INFO  热像仪连接成功
15/09/2019 21:37:00.765 INFO  admin登录
15/09/2019 21:37:00.109 INFO  热像仪连接成功
15/09/2019 21:46:54.218 INFO  admin登录
15/09/2019 21:46:54.562 INFO  热像仪连接成功
15/09/2019 21:50:16.515 INFO  admin登录
15/09/2019 21:50:17.953 INFO  热像仪连接成功
15/09/2019 21:51:42.375 INFO  admin登录
15/09/2019 21:51:43.687 INFO  热像仪连接成功
15/09/2019 21:54:47.343 INFO  admin登录
15/09/2019 21:54:48.671 INFO  热像仪连接成功
15/09/2019 21:57:48.296 INFO  admin登录
15/09/2019 21:57:48.640 INFO  热像仪连接成功
15/09/2019 22:19:18.578 INFO  admin登录
15/09/2019 22:19:19.000 INFO  热像仪连接成功
15/09/2019 22:20:15.046 INFO  admin登录
15/09/2019 22:20:15.359 INFO  热像仪连接成功
15/09/2019 22:22:22.937 INFO  admin登录
15/09/2019 22:22:22.312 INFO  热像仪连接成功
15/09/2019 22:30:56.203 INFO  admin登录
15/09/2019 22:30:57.750 INFO  热像仪连接成功
15/09/2019 22:33:36.562 INFO  admin登录
15/09/2019 22:33:37.890 INFO  热像仪连接成功
15/09/2019 22:39:21.500 INFO  admin登录
15/09/2019 22:39:22.812 INFO  热像仪连接成功
15/09/2019 22:40:37.203 INFO  admin登录
15/09/2019 22:40:37.531 INFO  热像仪连接成功
16/09/2019 10:34:39.062 INFO  admin登录
16/09/2019 10:35:24.718 INFO  admin登录
16/09/2019 10:35:24.062 INFO  热像仪连接成功
16/09/2019 10:39:04.281 INFO  admin登录
16/09/2019 10:39:04.656 INFO  热像仪连接成功
16/09/2019 10:40:23.953 INFO  admin登录
16/09/2019 10:40:23.406 INFO  热像仪连接成功
16/09/2019 10:49:24.609 INFO  admin登录
16/09/2019 10:49:25.093 INFO  热像仪连接成功
16/09/2019 10:55:30.828 INFO  admin登录
16/09/2019 10:55:30.328 INFO  热像仪连接成功
16/09/2019 11:03:39.984 INFO  admin登录
16/09/2019 11:03:39.359 INFO  热像仪连接成功
16/09/2019 11:07:30.078 INFO  admin登录
16/09/2019 11:07:30.468 INFO  热像仪连接成功
16/09/2019 13:39:02.515 INFO  admin登录
16/09/2019 13:39:03.906 INFO  热像仪连接成功
16/09/2019 15:54:47.203 INFO  admin登录
16/09/2019 15:54:47.656 INFO  热像仪连接成功
17/09/2019 09:05:19.906 INFO  admin登录
17/09/2019 09:09:00.890 INFO  admin登录
17/09/2019 09:09:00.140 INFO  热像仪连接成功
17/09/2019 09:09:37.781 INFO  admin登录
17/09/2019 09:09:37.046 INFO  热像仪连接成功
17/09/2019 09:12:55.750 INFO  admin登录
17/09/2019 09:12:55.015 INFO  热像仪连接成功
17/09/2019 09:15:05.890 INFO  admin登录
17/09/2019 09:15:05.156 INFO  热像仪连接成功
17/09/2019 09:16:38.859 INFO  admin登录
17/09/2019 09:16:38.140 INFO  热像仪连接成功
17/09/2019 09:30:22.203 INFO  admin登录
17/09/2019 09:30:22.515 INFO  热像仪连接成功
17/09/2019 09:32:10.156 INFO  admin登录
17/09/2019 09:32:10.531 INFO  热像仪连接成功
17/09/2019 09:34:28.765 INFO  admin登录
17/09/2019 09:34:28.093 INFO  热像仪连接成功
17/09/2019 09:48:21.296 INFO  admin登录
17/09/2019 09:48:21.609 INFO  热像仪连接成功
17/09/2019 12:02:21.078 INFO  admin登录
17/09/2019 12:02:21.343 INFO  热像仪连接成功
17/09/2019 12:10:05.843 INFO  admin登录
17/09/2019 12:10:05.203 INFO  热像仪连接成功
17/09/2019 12:11:08.625 INFO  admin登录
17/09/2019 12:11:09.875 INFO  热像仪连接成功
17/09/2019 12:14:12.031 INFO  admin登录
17/09/2019 12:14:12.312 INFO  热像仪连接成功
17/09/2019 12:16:04.734 INFO  admin登录
17/09/2019 12:16:04.015 INFO  热像仪连接成功
17/09/2019 12:17:30.546 INFO  admin登录
17/09/2019 12:17:31.828 INFO  热像仪连接成功
17/09/2019 12:18:32.031 INFO  admin登录
17/09/2019 12:18:32.328 INFO  热像仪连接成功
17/09/2019 12:21:40.343 INFO  admin登录
17/09/2019 12:21:40.640 INFO  热像仪连接成功
17/09/2019 12:26:11.843 INFO  admin登录
17/09/2019 12:26:11.125 INFO  热像仪连接成功
17/09/2019 16:03:50.968 INFO  admin登录
17/09/2019 16:03:50.312 INFO  热像仪连接成功
17/09/2019 16:09:26.343 INFO  admin登录
17/09/2019 16:09:26.625 INFO  热像仪连接成功
17/09/2019 16:09:51.250 INFO  admin登录
17/09/2019 16:09:51.546 INFO  热像仪连接成功
17/09/2019 16:10:47.234 INFO  admin登录
17/09/2019 16:10:47.531 INFO  热像仪连接成功
17/09/2019 16:16:00.953 INFO  admin登录
17/09/2019 16:16:00.343 INFO  热像仪连接成功
17/09/2019 16:19:40.937 INFO  admin登录
17/09/2019 16:19:40.234 INFO  热像仪连接成功
17/09/2019 17:00:32.875 INFO  admin登录
17/09/2019 17:00:32.234 INFO  热像仪连接成功
17/09/2019 17:01:34.734 INFO  admin登录
17/09/2019 17:01:34.015 INFO  热像仪连接成功
17/09/2019 17:03:03.031 INFO  admin登录
17/09/2019 17:03:03.312 INFO  热像仪连接成功
17/09/2019 17:05:33.875 INFO  admin登录
17/09/2019 17:05:33.171 INFO  热像仪连接成功
17/09/2019 17:06:13.187 INFO  admin登录
17/09/2019 17:06:13.437 INFO  热像仪连接成功
17/09/2019 17:06:59.062 INFO  admin登录
17/09/2019 17:06:59.328 INFO  热像仪连接成功
18/09/2019 17:52:22.656 INFO  admin登录
18/09/2019 17:52:55.843 INFO  admin登录
18/09/2019 17:52:56.093 INFO  热像仪连接成功
18/09/2019 17:55:42.500 INFO  admin登录
18/09/2019 17:55:42.796 INFO  热像仪连接成功
18/09/2019 18:16:05.843 INFO  admin登录
18/09/2019 18:16:06.078 INFO  热像仪连接成功
18/09/2019 18:20:45.500 INFO  admin登录
18/09/2019 18:20:45.750 INFO  热像仪连接成功
18/09/2019 18:29:49.375 INFO  admin登录
18/09/2019 18:29:49.656 INFO  热像仪连接成功
18/09/2019 18:30:52.296 INFO  admin登录
18/09/2019 18:30:52.578 INFO  热像仪连接成功
18/09/2019 18:32:59.750 INFO  admin登录
18/09/2019 18:33:00.062 INFO  热像仪连接成功
18/09/2019 18:39:47.656 INFO  admin登录
18/09/2019 18:39:48.921 INFO  热像仪连接成功
18/09/2019 18:41:24.843 INFO  admin登录
18/09/2019 18:41:25.109 INFO  热像仪连接成功
18/09/2019 18:42:27.421 INFO  admin登录
18/09/2019 18:42:27.687 INFO  热像仪连接成功
18/09/2019 20:49:01.140 INFO  admin登录
18/09/2019 20:49:01.765 INFO  热像仪连接成功
18/09/2019 20:51:53.593 INFO  admin登录
18/09/2019 20:51:53.828 INFO  热像仪连接成功
18/09/2019 21:19:22.015 INFO  admin登录
18/09/2019 21:19:22.281 INFO  热像仪连接成功
18/09/2019 21:20:07.890 INFO  admin登录
18/09/2019 21:20:08.296 INFO  热像仪连接成功
18/09/2019 21:20:56.390 INFO  admin登录
18/09/2019 21:20:56.656 INFO  热像仪连接成功
18/09/2019 21:25:24.140 INFO  admin登录
18/09/2019 21:25:24.406 INFO  热像仪连接成功
18/09/2019 21:28:10.828 INFO  admin登录
18/09/2019 21:28:11.093 INFO  热像仪连接成功
18/09/2019 21:29:05.218 INFO  admin登录
18/09/2019 21:29:05.484 INFO  热像仪连接成功
18/09/2019 21:29:55.984 INFO  admin登录
18/09/2019 21:29:55.250 INFO  热像仪连接成功
18/09/2019 22:17:47.937 INFO  admin登录
18/09/2019 22:17:47.312 INFO  热像仪连接成功
18/09/2019 22:18:25.500 INFO  admin登录
18/09/2019 22:18:25.796 INFO  热像仪连接成功
18/09/2019 22:22:46.109 INFO  admin登录
18/09/2019 22:22:46.375 INFO  热像仪连接成功
18/09/2019 22:23:24.531 INFO  admin登录
18/09/2019 22:23:24.828 INFO  热像仪连接成功
18/09/2019 22:24:43.468 INFO  admin登录
18/09/2019 22:24:43.750 INFO  热像仪连接成功
18/09/2019 22:32:14.234 INFO  admin登录
18/09/2019 22:32:14.734 INFO  热像仪连接成功
18/09/2019 22:32:36.343 INFO  admin登录
18/09/2019 22:32:36.609 INFO  热像仪连接成功
18/09/2019 22:36:09.593 INFO  admin登录
18/09/2019 22:36:10.984 INFO  热像仪连接成功
18/09/2019 22:39:19.265 INFO  admin登录
18/09/2019 22:39:19.515 INFO  热像仪连接成功
18/09/2019 22:39:40.734 INFO  admin登录
18/09/2019 22:39:41.015 INFO  热像仪连接成功
18/09/2019 22:40:02.375 INFO  admin登录
18/09/2019 22:40:02.671 INFO  热像仪连接成功
18/09/2019 22:45:03.328 INFO  admin登录
18/09/2019 22:45:03.609 INFO  热像仪连接成功
18/09/2019 22:46:12.968 INFO  admin登录
18/09/2019 22:46:12.234 INFO  热像仪连接成功
18/09/2019 22:52:33.859 INFO  admin登录
18/09/2019 22:52:34.140 INFO  热像仪连接成功
18/09/2019 22:54:43.109 INFO  admin登录
18/09/2019 22:54:43.375 INFO  热像仪连接成功
19/09/2019 15:19:44.390 INFO  admin登录
19/09/2019 15:19:44.765 INFO  热像仪连接成功
19/09/2019 15:21:03.937 INFO  admin登录
19/09/2019 15:21:03.218 INFO  热像仪连接成功
19/09/2019 15:22:40.562 INFO  admin登录
19/09/2019 15:22:40.859 INFO  热像仪连接成功
19/09/2019 15:23:04.890 INFO  admin登录
19/09/2019 15:23:05.156 INFO  热像仪连接成功
19/09/2019 15:25:42.359 INFO  admin登录
19/09/2019 15:25:42.640 INFO  热像仪连接成功
19/09/2019 15:27:25.000 INFO  admin登录
19/09/2019 15:27:25.250 INFO  热像仪连接成功
19/09/2019 17:28:06.203 INFO  admin登录
19/09/2019 17:47:51.593 INFO  admin登录
19/09/2019 18:08:32.609 INFO  admin登录
19/09/2019 18:15:33.578 INFO  admin登录
19/09/2019 18:21:41.984 INFO  admin登录
19/09/2019 18:32:20.234 INFO  admin登录
19/09/2019 18:32:20.500 INFO  热像仪连接成功
19/09/2019 18:35:42.406 INFO  admin登录
19/09/2019 18:35:42.656 INFO  热像仪连接成功
19/09/2019 18:39:35.562 INFO  admin登录
19/09/2019 18:39:35.859 INFO  热像仪连接成功
19/09/2019 18:50:32.546 INFO  admin登录
19/09/2019 18:50:33.921 INFO  热像仪连接成功
19/09/2019 18:54:47.906 INFO  admin登录
19/09/2019 18:54:48.187 INFO  热像仪连接成功
19/09/2019 19:00:39.031 INFO  admin登录
19/09/2019 19:00:39.453 INFO  热像仪连接成功
19/09/2019 19:05:26.312 INFO  admin登录
19/09/2019 19:05:26.593 INFO  热像仪连接成功
19/09/2019 19:06:11.203 INFO  admin登录
19/09/2019 19:06:11.484 INFO  热像仪连接成功
19/09/2019 19:10:49.171 INFO  admin登录
19/09/2019 19:10:49.437 INFO  热像仪连接成功
19/09/2019 19:11:56.750 INFO  admin登录
19/09/2019 19:11:57.031 INFO  热像仪连接成功
19/09/2019 19:16:05.703 INFO  admin登录
19/09/2019 19:16:06.015 INFO  热像仪连接成功
19/09/2019 19:18:32.625 INFO  admin登录
19/09/2019 19:18:32.906 INFO  热像仪连接成功
19/09/2019 19:35:23.218 INFO  admin登录
19/09/2019 19:35:23.562 INFO  热像仪连接成功
19/09/2019 19:37:46.921 INFO  admin登录
19/09/2019 19:37:46.187 INFO  热像仪连接成功
19/09/2019 19:39:00.390 INFO  admin登录
19/09/2019 19:39:00.703 INFO  热像仪连接成功
19/09/2019 19:41:43.484 INFO  admin登录
19/09/2019 19:41:43.765 INFO  热像仪连接成功
19/09/2019 19:43:17.468 INFO  admin登录
19/09/2019 19:43:17.765 INFO  热像仪连接成功
19/09/2019 19:44:20.437 INFO  admin登录
19/09/2019 19:44:21.953 INFO  热像仪连接成功
19/09/2019 19:45:16.890 INFO  admin登录
19/09/2019 19:45:17.187 INFO  热像仪连接成功
19/09/2019 19:48:27.734 INFO  admin登录
19/09/2019 19:48:28.015 INFO  热像仪连接成功
19/09/2019 20:04:16.703 INFO  admin登录
19/09/2019 20:04:17.000 INFO  热像仪连接成功
19/09/2019 20:06:28.406 INFO  admin登录
19/09/2019 20:06:28.703 INFO  热像仪连接成功
19/09/2019 20:11:47.718 INFO  admin登录
19/09/2019 20:11:48.984 INFO  热像仪连接成功
19/09/2019 20:14:35.015 INFO  admin登录
19/09/2019 20:14:35.265 INFO  热像仪连接成功
20/09/2019 07:52:36.390 INFO  admin登录
20/09/2019 07:53:22.171 INFO  admin登录
20/09/2019 07:53:22.562 INFO  热像仪连接成功
20/09/2019 07:56:20.671 INFO  admin登录
20/09/2019 07:56:21.921 INFO  热像仪连接成功
20/09/2019 07:59:06.953 INFO  admin登录
20/09/2019 07:59:06.171 INFO  热像仪连接成功
20/09/2019 08:10:20.921 INFO  admin登录
20/09/2019 08:10:20.312 INFO  热像仪连接成功
20/09/2019 08:11:07.250 INFO  admin登录
20/09/2019 08:11:07.515 INFO  热像仪连接成功
20/09/2019 08:14:23.250 INFO  admin登录
20/09/2019 08:14:23.468 INFO  热像仪连接成功
20/09/2019 08:30:40.937 INFO  admin登录
20/09/2019 08:30:40.187 INFO  热像仪连接成功
20/09/2019 08:58:37.015 INFO  admin登录
20/09/2019 08:58:37.500 INFO  热像仪连接成功
20/09/2019 09:03:43.281 INFO  admin登录
20/09/2019 09:03:43.531 INFO  热像仪连接成功
20/09/2019 09:06:13.312 INFO  admin登录
20/09/2019 09:06:13.546 INFO  热像仪连接成功
20/09/2019 09:07:18.125 INFO  admin登录
20/09/2019 09:07:18.375 INFO  热像仪连接成功
20/09/2019 09:09:31.921 INFO  admin登录
20/09/2019 09:09:31.156 INFO  热像仪连接成功
20/09/2019 09:18:15.078 INFO  admin登录
20/09/2019 09:18:15.328 INFO  热像仪连接成功
20/09/2019 09:19:39.062 INFO  admin登录
20/09/2019 09:19:39.312 INFO  热像仪连接成功
20/09/2019 09:25:35.640 INFO  admin登录
20/09/2019 09:25:35.859 INFO  热像仪连接成功
20/09/2019 11:11:42.140 INFO  admin登录
20/09/2019 11:11:42.515 INFO  热像仪连接成功
20/09/2019 11:15:07.859 INFO  admin登录
20/09/2019 11:15:08.093 INFO  热像仪连接成功
20/09/2019 14:06:44.234 INFO  admin登录
20/09/2019 14:06:44.500 INFO  热像仪连接成功
20/09/2019 14:21:18.125 INFO  admin登录
20/09/2019 14:21:18.531 INFO  热像仪连接成功
20/09/2019 14:23:29.140 INFO  admin登录
20/09/2019 14:23:29.375 INFO  热像仪连接成功
20/09/2019 14:29:25.734 INFO  admin登录
20/09/2019 14:29:27.000 INFO  热像仪连接成功
20/09/2019 15:34:17.984 INFO  admin登录
20/09/2019 15:34:17.500 INFO  热像仪连接成功
20/09/2019 15:44:47.328 INFO  admin登录
20/09/2019 15:44:48.000 INFO  热像仪连接成功
20/09/2019 15:45:45.484 INFO  admin登录
20/09/2019 15:45:45.718 INFO  热像仪连接成功
20/09/2019 15:48:54.968 INFO  admin登录
20/09/2019 15:48:54.234 INFO  热像仪连接成功
20/09/2019 15:50:43.046 INFO  admin登录
20/09/2019 15:50:43.265 INFO  热像仪连接成功
21/09/2019 17:16:03.359 INFO  admin登录
21/09/2019 17:19:08.640 INFO  admin登录
21/09/2019 17:21:08.921 INFO  admin登录
21/09/2019 17:27:00.875 INFO  admin登录
21/09/2019 17:28:28.312 INFO  admin登录
21/09/2019 17:31:19.781 INFO  admin登录
21/09/2019 17:34:20.593 INFO  admin登录
22/09/2019 08:09:03.078 INFO  admin登录
22/09/2019 08:12:19.906 INFO  admin登录
22/09/2019 08:26:05.453 INFO  admin登录
22/09/2019 08:29:37.015 INFO  admin登录
22/09/2019 08:30:37.796 INFO  admin登录
22/09/2019 08:41:35.140 INFO  admin登录
22/09/2019 08:44:06.031 INFO  admin登录
22/09/2019 08:45:24.406 INFO  admin登录
22/09/2019 09:04:46.203 INFO  admin登录
22/09/2019 09:12:57.000 INFO  admin登录
22/09/2019 09:16:10.671 INFO  admin登录
22/09/2019 09:16:49.234 INFO  admin登录
22/09/2019 09:18:53.062 INFO  admin登录
22/09/2019 09:26:25.546 INFO  admin登录
22/09/2019 09:46:29.390 INFO  admin登录
22/09/2019 09:46:59.359 INFO  admin登录
22/09/2019 09:50:51.937 INFO  admin登录
22/09/2019 10:00:43.796 INFO  admin登录
22/09/2019 10:29:39.187 INFO  admin登录
22/09/2019 10:34:52.984 INFO  admin登录
22/09/2019 10:48:01.468 INFO  admin登录
22/09/2019 10:48:58.703 INFO  admin登录
22/09/2019 10:49:58.546 INFO  admin登录
22/09/2019 11:17:16.078 INFO  admin登录
22/09/2019 11:19:42.718 INFO  admin登录
22/09/2019 11:23:13.109 INFO  admin登录
22/09/2019 11:24:04.718 INFO  admin登录
22/09/2019 11:40:23.453 INFO  admin登录
22/09/2019 11:43:08.968 INFO  admin登录
22/09/2019 11:44:32.656 INFO  admin登录
22/09/2019 11:46:15.359 INFO  admin登录
22/09/2019 11:47:06.312 INFO  admin登录
22/09/2019 11:47:34.406 INFO  admin登录
22/09/2019 11:48:33.468 INFO  admin登录
22/09/2019 11:49:31.531 INFO  admin登录
22/09/2019 11:51:15.156 INFO  admin登录
22/09/2019 12:38:38.078 INFO  admin登录
22/09/2019 12:41:38.187 INFO  admin登录
22/09/2019 13:25:50.953 INFO  admin登录
22/09/2019 13:26:39.734 INFO  admin登录
22/09/2019 13:27:19.875 INFO  admin登录
22/09/2019 13:29:02.750 INFO  admin登录
22/09/2019 13:30:43.296 INFO  admin登录
22/09/2019 13:57:11.703 INFO  admin登录
22/09/2019 13:58:27.812 INFO  admin登录
22/09/2019 13:59:46.500 INFO  admin登录
22/09/2019 14:07:33.703 INFO  admin登录
22/09/2019 14:16:10.078 INFO  admin登录
22/09/2019 14:18:39.390 INFO  admin登录
22/09/2019 14:19:56.359 INFO  admin登录
22/09/2019 14:32:36.968 INFO  admin登录
22/09/2019 14:35:23.218 INFO  admin登录
22/09/2019 14:37:09.718 INFO  admin登录
22/09/2019 14:41:15.687 INFO  admin登录
22/09/2019 14:43:42.671 INFO  admin登录
22/09/2019 14:50:36.203 INFO  admin登录
22/09/2019 14:55:42.312 INFO  admin登录
22/09/2019 14:56:53.312 INFO  admin登录
22/09/2019 14:57:45.671 INFO  admin登录
22/09/2019 15:49:33.875 INFO  admin登录
22/09/2019 15:50:44.859 INFO  admin登录
22/09/2019 16:24:33.828 INFO  admin登录
22/09/2019 16:37:05.328 INFO  admin登录
22/09/2019 16:40:48.828 INFO  admin登录
22/09/2019 16:43:59.046 INFO  admin登录
22/09/2019 17:06:14.687 INFO  admin登录
22/09/2019 17:11:48.625 INFO  admin登录
22/09/2019 17:14:17.765 INFO  admin登录
22/09/2019 17:22:51.093 INFO  admin登录
22/09/2019 19:12:35.625 INFO  admin登录
22/09/2019 19:14:19.375 INFO  admin登录
22/09/2019 19:14:41.234 INFO  admin登录
22/09/2019 19:18:09.843 INFO  admin登录
22/09/2019 19:19:51.453 INFO  admin登录
22/09/2019 19:26:05.734 INFO  admin登录
22/09/2019 19:31:30.328 INFO  admin登录
22/09/2019 19:34:01.828 INFO  admin登录
22/09/2019 19:37:40.796 INFO  admin登录
22/09/2019 19:38:24.890 INFO  admin登录
22/09/2019 19:48:36.250 INFO  admin登录
22/09/2019 19:51:57.765 INFO  admin登录
22/09/2019 20:05:14.578 INFO  admin登录
22/09/2019 20:08:15.968 INFO  admin登录
22/09/2019 20:18:16.828 INFO  admin登录
22/09/2019 20:21:57.171 INFO  admin登录
22/09/2019 20:25:33.218 INFO  admin登录
22/09/2019 20:33:06.546 INFO  admin登录
22/09/2019 20:33:47.359 INFO  admin登录
22/09/2019 20:35:18.343 INFO  admin登录
22/09/2019 20:43:01.578 INFO  admin登录
22/09/2019 20:44:59.812 INFO  admin登录
23/09/2019 09:36:58.531 INFO  admin登录
23/09/2019 09:36:59.125 INFO  热像仪连接成功
23/09/2019 09:40:55.265 INFO  admin登录
23/09/2019 09:41:22.890 INFO  admin登录
23/09/2019 09:46:12.421 INFO  admin登录
23/09/2019 09:46:18.906 INFO  热像仪连接成功
23/09/2019 09:46:43.890 INFO  admin登录
23/09/2019 09:47:43.015 INFO  admin登录
23/09/2019 09:48:44.765 INFO  admin登录
23/09/2019 09:50:45.406 INFO  admin登录
23/09/2019 09:50:45.656 INFO  热像仪连接成功
23/09/2019 09:51:30.078 INFO  admin登录
23/09/2019 09:51:30.359 INFO  热像仪连接成功
23/09/2019 10:14:38.921 INFO  admin登录
23/09/2019 10:14:38.265 INFO  热像仪连接成功
23/09/2019 10:16:20.687 INFO  admin登录
23/09/2019 10:16:21.984 INFO  热像仪连接成功
23/09/2019 10:30:27.000 INFO  admin登录
23/09/2019 10:30:27.500 INFO  热像仪连接成功
23/09/2019 10:33:19.343 INFO  admin登录
23/09/2019 10:33:19.640 INFO  热像仪连接成功
23/09/2019 10:33:57.468 INFO  admin登录
23/09/2019 10:33:57.750 INFO  热像仪连接成功
23/09/2019 10:34:43.453 INFO  admin登录
23/09/2019 10:34:43.750 INFO  热像仪连接成功
23/09/2019 10:35:21.031 INFO  admin登录
23/09/2019 10:35:21.421 INFO  热像仪连接成功
23/09/2019 10:35:41.156 INFO  admin登录
23/09/2019 10:35:41.484 INFO  热像仪连接成功
23/09/2019 10:37:14.437 INFO  admin登录
23/09/2019 10:38:15.531 INFO  admin登录
23/09/2019 10:38:17.718 INFO  热像仪连接成功
23/09/2019 10:39:03.312 INFO  admin登录
23/09/2019 10:39:03.593 INFO  热像仪连接成功
23/09/2019 10:39:29.578 INFO  admin登录
23/09/2019 10:39:50.140 INFO  热像仪连接成功
23/09/2019 10:41:08.546 INFO  admin登录
23/09/2019 10:41:10.078 INFO  热像仪连接成功
23/09/2019 10:42:51.421 INFO  admin登录
23/09/2019 10:42:58.281 INFO  热像仪连接成功
23/09/2019 10:44:12.421 INFO  admin登录
23/09/2019 10:47:42.546 INFO  admin登录
23/09/2019 10:47:44.921 INFO  热像仪连接成功
23/09/2019 10:48:55.828 INFO  admin登录
23/09/2019 10:48:56.093 INFO  热像仪连接成功
23/09/2019 10:50:04.968 INFO  admin登录
23/09/2019 10:50:04.265 INFO  热像仪连接成功
23/09/2019 10:51:24.796 INFO  admin登录
23/09/2019 10:51:25.062 INFO  热像仪连接成功
23/09/2019 10:52:02.406 INFO  admin登录
23/09/2019 10:52:02.687 INFO  热像仪连接成功
23/09/2019 11:00:52.375 INFO  admin登录
23/09/2019 11:00:52.890 INFO  热像仪连接成功
23/09/2019 11:05:00.343 INFO  admin登录
23/09/2019 11:05:00.593 INFO  热像仪连接成功
24/09/2019 10:25:27.437 INFO  admin登录
24/09/2019 10:55:08.343 INFO  admin登录
24/09/2019 11:02:03.328 INFO  admin登录
24/09/2019 11:02:50.718 INFO  admin登录
24/09/2019 11:10:22.796 INFO  admin登录
27/09/2019 08:08:26.828 INFO  admin登录
27/09/2019 08:10:27.234 INFO  admin登录
27/09/2019 08:10:27.515 INFO  热像仪连接成功
27/09/2019 08:11:09.875 INFO  admin登录
27/09/2019 08:11:10.140 INFO  热像仪连接成功
27/09/2019 08:11:39.875 INFO  admin登录
27/09/2019 08:11:40.171 INFO  热像仪连接成功
27/09/2019 08:13:52.515 INFO  admin登录
27/09/2019 08:13:52.781 INFO  热像仪连接成功
27/09/2019 08:18:12.640 INFO  admin登录
27/09/2019 08:18:12.921 INFO  热像仪连接成功
27/09/2019 08:23:39.281 INFO  admin登录
27/09/2019 08:23:43.171 INFO  热像仪连接成功
27/09/2019 08:25:17.468 INFO  admin登录
27/09/2019 08:25:17.750 INFO  热像仪连接成功
27/09/2019 08:26:23.937 INFO  admin登录
27/09/2019 08:26:24.218 INFO  热像仪连接成功
27/09/2019 08:27:35.312 INFO  admin登录
27/09/2019 08:27:35.593 INFO  热像仪连接成功
27/09/2019 08:30:23.078 INFO  admin登录
27/09/2019 08:30:23.359 INFO  热像仪连接成功
27/09/2019 08:31:45.125 INFO  admin登录
27/09/2019 08:31:45.406 INFO  热像仪连接成功
27/09/2019 08:34:35.812 INFO  admin登录
27/09/2019 08:34:36.109 INFO  热像仪连接成功
27/09/2019 08:43:43.515 INFO  admin登录
27/09/2019 08:43:43.781 INFO  热像仪连接成功
27/09/2019 08:51:06.437 INFO  admin登录
27/09/2019 08:51:06.687 INFO  热像仪连接成功
27/09/2019 09:18:09.390 INFO  admin登录
27/09/2019 09:18:09.671 INFO  热像仪连接成功
27/09/2019 09:24:45.484 INFO  admin登录
27/09/2019 09:24:45.750 INFO  热像仪连接成功
27/09/2019 09:26:26.312 INFO  admin登录
27/09/2019 09:26:26.562 INFO  热像仪连接成功
27/09/2019 09:38:21.484 INFO  admin登录
27/09/2019 09:38:21.828 INFO  热像仪连接成功
27/09/2019 15:56:10.640 INFO  admin登录
27/09/2019 15:57:35.281 INFO  admin登录
27/09/2019 15:57:35.531 INFO  热像仪连接成功
27/09/2019 16:11:57.078 INFO  admin登录
27/09/2019 16:11:57.343 INFO  热像仪连接成功
10/10/2019 14:41:50.796 INFO  admin登录
10/10/2019 14:42:11.968 INFO  admin登录
10/10/2019 14:43:55.218 INFO  admin登录
10/10/2019 14:44:35.156 INFO  admin登录
10/10/2019 14:46:33.640 INFO  admin登录
10/10/2019 14:51:22.703 INFO  admin登录
10/10/2019 14:53:04.234 INFO  admin登录
10/10/2019 14:55:32.015 INFO  admin登录
10/10/2019 14:56:45.296 INFO  admin登录
10/10/2019 15:02:31.609 INFO  admin登录
10/10/2019 16:38:32.968 INFO  admin登录
10/10/2019 16:39:16.000 INFO  admin登录
10/10/2019 16:40:52.812 INFO  admin登录
10/10/2019 16:45:39.562 INFO  admin登录
10/10/2019 16:46:33.671 INFO  admin登录
10/10/2019 16:47:59.796 INFO  admin登录
10/10/2019 16:59:40.796 INFO  admin登录
10/10/2019 17:08:28.281 INFO  admin登录
10/10/2019 17:10:53.015 INFO  admin登录
10/10/2019 17:13:24.390 INFO  admin登录
10/10/2019 17:14:55.390 INFO  admin登录
10/10/2019 17:19:53.312 INFO  admin登录
10/10/2019 17:22:37.796 INFO  admin登录
10/10/2019 17:24:42.437 INFO  admin登录
10/10/2019 17:26:37.531 INFO  admin登录
10/10/2019 17:28:21.359 INFO  admin登录
10/10/2019 17:31:33.140 INFO  admin登录
10/10/2019 17:35:31.859 INFO  admin登录
10/10/2019 17:36:17.328 INFO  admin登录
10/10/2019 17:37:27.625 INFO  admin登录
10/10/2019 17:38:27.812 INFO  admin登录
10/10/2019 17:40:14.859 INFO  admin登录
10/10/2019 17:42:25.578 INFO  admin登录
10/10/2019 17:43:31.406 INFO  admin登录
10/10/2019 18:39:06.609 INFO  admin登录
10/10/2019 18:40:50.953 INFO  admin登录
10/10/2019 18:54:22.656 INFO  admin登录
10/10/2019 19:03:32.500 INFO  admin登录
10/10/2019 19:08:57.843 INFO  admin登录
11/10/2019 14:17:06.296 INFO  admin登录
11/10/2019 14:18:04.937 INFO  admin登录
11/10/2019 14:19:14.718 INFO  admin登录
11/10/2019 14:21:28.375 INFO  admin登录
11/10/2019 14:22:11.859 INFO  admin登录
11/10/2019 14:23:03.453 INFO  admin登录
11/10/2019 14:27:27.359 INFO  admin登录
11/10/2019 14:32:00.312 INFO  admin登录
11/10/2019 14:38:46.484 INFO  admin登录
11/10/2019 14:41:11.187 INFO  admin登录
11/10/2019 15:00:26.515 INFO  admin登录
11/10/2019 15:02:08.312 INFO  admin登录
11/10/2019 15:06:07.578 INFO  admin登录
11/10/2019 15:38:21.125 INFO  admin登录
11/10/2019 16:34:29.390 INFO  admin登录
11/10/2019 16:45:17.312 INFO  admin登录
11/10/2019 16:48:44.656 INFO  admin登录
11/10/2019 16:58:10.671 INFO  admin登录
11/10/2019 17:04:54.109 INFO  admin登录
11/10/2019 21:41:18.078 INFO  admin登录
11/10/2019 21:43:58.031 INFO  admin登录
11/10/2019 21:46:21.171 INFO  admin登录
11/10/2019 22:00:44.171 INFO  admin登录
11/10/2019 22:05:39.015 INFO  admin登录
11/10/2019 22:11:23.203 INFO  admin登录
11/10/2019 22:18:32.343 INFO  admin登录
11/10/2019 22:24:46.250 INFO  admin登录
11/10/2019 22:27:31.312 INFO  admin登录
11/10/2019 22:29:27.578 INFO  admin登录
11/10/2019 22:30:48.390 INFO  admin登录
11/10/2019 22:44:30.781 INFO  admin登录
11/10/2019 22:47:19.515 INFO  admin登录
11/10/2019 22:52:42.750 INFO  admin登录
11/10/2019 22:53:44.421 INFO  admin登录
11/10/2019 22:54:48.921 INFO  admin登录
11/10/2019 22:57:39.281 INFO  admin登录
11/10/2019 22:59:18.671 INFO  admin登录
11/10/2019 23:01:33.234 INFO  admin登录
11/10/2019 23:02:47.390 INFO  admin登录
11/10/2019 23:07:03.578 INFO  admin登录
11/10/2019 23:07:49.000 INFO  admin登录
11/10/2019 23:10:14.046 INFO  admin登录
11/10/2019 23:13:00.125 INFO  admin登录
11/10/2019 23:15:29.000 INFO  admin登录
11/10/2019 23:21:21.078 INFO  admin登录
12/10/2019 08:35:09.312 INFO  admin登录
12/10/2019 08:35:50.156 INFO  admin登录
12/10/2019 08:37:26.859 INFO  admin登录
12/10/2019 08:42:11.437 INFO  admin登录
12/10/2019 08:46:20.218 INFO  admin登录
12/10/2019 08:46:21.437 INFO  热像仪连接成功
12/10/2019 08:51:19.453 INFO  admin登录
12/10/2019 08:51:19.656 INFO  热像仪连接成功
12/10/2019 08:53:11.718 INFO  admin登录
12/10/2019 08:53:11.937 INFO  热像仪连接成功
27/10/2019 13:27:24.843 INFO  admin登录
27/10/2019 13:28:07.031 INFO  admin登录
27/10/2019 13:28:40.328 INFO  admin登录
27/10/2019 13:29:26.484 INFO  admin登录
27/10/2019 13:32:09.671 INFO  admin登录
05/06/2020 17:15:21.687 INFO  admin登录
05/06/2020 17:16:11.281 INFO  admin登录
05/06/2020 17:18:12.875 INFO  admin登录
08/06/2020 14:34:33.093 INFO  admin登录
08/06/2020 15:21:07.578 INFO  admin登录
08/06/2020 15:32:02.468 INFO  admin登录
08/06/2020 16:19:21.156 INFO  admin登录
08/06/2020 16:51:59.390 INFO  admin登录
09/06/2020 16:12:30.656 INFO  admin登录
09/06/2020 16:18:02.156 INFO  admin登录
09/06/2020 16:26:10.687 INFO  admin登录
09/06/2020 16:39:49.109 INFO  admin登录
09/06/2020 17:24:38.187 INFO  admin登录
09/06/2020 17:25:36.453 INFO  admin登录
09/06/2020 17:25:52.484 INFO  admin登录
11/06/2020 09:56:01.234 INFO  admin登录
11/06/2020 10:36:49.156 INFO  admin登录
11/06/2020 10:38:02.734 INFO  删除用户:wxd
11/06/2020 10:51:46.484 INFO  admin登录
11/06/2020 10:52:21.625 INFO  用户操作成功
11/06/2020 10:52:23.671 INFO  用户操作成功
11/06/2020 10:52:40.703 INFO  用户操作成功
11/06/2020 10:52:45.640 INFO  激活用户:chenj
12/06/2020 17:59:30.734 INFO  admin登录
12/06/2020 18:00:06.703 INFO  admin登录
12/06/2020 18:00:27.218 INFO  admin登录
12/06/2020 18:00:47.953 INFO  admin登录
12/06/2020 18:07:36.203 INFO  admin登录
12/06/2020 18:08:15.546 INFO  admin登录
12/06/2020 18:10:02.984 INFO  admin登录
12/06/2020 18:35:23.937 INFO  admin登录
12/06/2020 18:35:49.375 INFO  admin登录
12/06/2020 18:36:24.578 INFO  admin登录
12/06/2020 18:39:27.156 INFO  admin登录
12/06/2020 18:40:06.562 INFO  admin登录
12/06/2020 18:41:16.062 INFO  admin登录
12/06/2020 18:42:05.328 INFO  用户操作成功
12/06/2020 18:42:19.625 INFO  禁用用户:admin
12/06/2020 18:42:22.703 INFO  禁用用户:admin
12/06/2020 18:42:24.640 INFO  激活用户:admin
12/06/2020 18:42:32.656 INFO  用户操作成功
12/06/2020 18:42:44.203 INFO  chenj登录
12/06/2020 18:43:09.906 INFO  chenj登录
13/06/2020 18:06:08.000 INFO  用户操作成功
13/06/2020 18:06:09.593 INFO  用户操作成功
13/06/2020 18:07:44.484 INFO  用户操作成功
13/06/2020 18:08:03.359 INFO  admin登录
13/06/2020 18:08:17.906 INFO  用户操作成功
13/06/2020 18:08:27.640 INFO  用户操作成功
13/06/2020 18:08:36.015 INFO  chenj登录
13/06/2020 18:08:51.078 INFO  禁用用户:chenj
13/06/2020 18:08:59.687 INFO  chenj登录
13/06/2020 18:09:15.906 INFO  chenj登录
13/06/2020 18:09:43.718 INFO  chenj登录
13/06/2020 18:49:09.890 INFO  admin登录
13/06/2020 18:51:19.234 INFO  用户操作成功
13/06/2020 18:51:23.156 INFO  用户操作成功
13/06/2020 18:51:33.953 INFO  激活用户:test
13/06/2020 18:51:36.781 INFO  激活用户:chenj
13/06/2020 18:51:40.421 INFO  删除用户:test
13/06/2020 18:53:50.718 INFO  用户操作成功
13/06/2020 18:54:07.390 INFO  用户操作成功
13/06/2020 18:54:12.984 INFO  删除用户:zhu
13/06/2020 18:54:18.656 INFO  删除用户:zhu2
13/06/2020 18:56:30.984 INFO  admin登录
13/06/2020 18:57:02.359 INFO  用户操作成功
13/06/2020 18:57:06.015 INFO  用户操作成功
13/06/2020 18:57:09.703 INFO  用户操作成功
13/06/2020 18:57:11.734 INFO  用户操作成功
13/06/2020 18:57:13.390 INFO  用户操作成功
13/06/2020 18:57:16.250 INFO  用户操作成功
13/06/2020 18:57:18.687 INFO  用户操作成功
13/06/2020 18:57:22.656 INFO  用户操作成功
13/06/2020 19:27:50.125 INFO  admin登录
13/06/2020 19:29:05.453 INFO  admin登录
15/06/2020 09:46:16.828 INFO  admin登录
15/06/2020 15:04:41.937 INFO  admin登录
15/06/2020 15:04:50.906 INFO  删除用户:chenj
15/06/2020 15:05:34.843 INFO  admin登录
15/06/2020 15:06:06.625 INFO  删除用户:aaa
15/06/2020 15:06:48.093 INFO  admin登录
15/06/2020 15:07:05.750 INFO  用户操作成功
15/06/2020 15:07:29.203 INFO  激活用户:chenj
15/06/2020 15:07:36.015 INFO  激活用户:abc
15/06/2020 15:15:17.906 INFO  admin登录
15/06/2020 15:30:57.281 INFO  admin登录
15/06/2020 15:31:11.140 INFO  用户操作成功
15/06/2020 15:31:25.234 INFO  用户操作成功
15/06/2020 15:32:10.171 INFO  删除用户:abc
15/06/2020 15:34:18.812 INFO  admin登录
15/06/2020 15:34:34.375 INFO  用户操作成功
15/06/2020 15:34:54.765 INFO  用户操作成功
